2025-05-15 22:46:10,503 [INFO] Telegram bot running …
2025-05-15 22:46:11,100 [INFO] HTTP Request: POST https://api.telegram.org/bot7981928739:AAHbGX19La0FBCgJkRr9yjKFf3vTxWoB5As/getMe "HTTP/1.1 200 OK"
2025-05-15 22:46:11,249 [INFO] HTTP Request: POST https://api.telegram.org/bot7981928739:AAHbGX19La0FBCgJkRr9yjKFf3vTxWoB5As/deleteWebhook "HTTP/1.1 200 OK"
2025-05-15 22:46:11,252 [INFO] Application started
2025-05-15 22:46:21,697 [INFO] HTTP Request: POST https://api.telegram.org/bot7981928739:AAHbGX19La0FBCgJkRr9yjKFf3vTxWoB5As/getUpdates "HTTP/1.1 200 OK"
2025-05-15 22:46:31,102 [INFO] HTTP Request: POST https://api.telegram.org/bot7981928739:AAHbGX19La0FBCgJkRr9yjKFf3vTxWoB5As/getUpdates "HTTP/1.1 200 OK"
2025-05-15 22:46:31,753 [INFO] HTTP Request: POST https://api.telegram.org/bot7981928739:AAHbGX19La0FBCgJkRr9yjKFf3vTxWoB5As/sendMessage "HTTP/1.1 200 OK"
2025-05-15 22:46:35,447 [INFO] HTTP Request: POST https://api.telegram.org/bot7981928739:AAHbGX19La0FBCgJkRr9yjKFf3vTxWoB5As/getUpdates "HTTP/1.1 200 OK"
2025-05-15 22:46:35,771 [INFO] HTTP Request: POST https://api.telegram.org/bot7981928739:AAHbGX19La0FBCgJkRr9yjKFf3vTxWoB5As/sendMessage "HTTP/1.1 200 OK"
2025-05-15 22:46:37,464 [INFO] HTTP Request: POST https://api.telegram.org/bot7981928739:AAHbGX19La0FBCgJkRr9yjKFf3vTxWoB5As/getUpdates "HTTP/1.1 200 OK"
2025-05-15 22:46:37,672 [INFO] HTTP Request: POST https://api.telegram.org/bot7981928739:AAHbGX19La0FBCgJkRr9yjKFf3vTxWoB5As/answerCallbackQuery "HTTP/1.1 200 OK"
2025-05-15 22:46:37,949 [INFO] HTTP Request: POST https://api.telegram.org/bot7981928739:AAHbGX19La0FBCgJkRr9yjKFf3vTxWoB5As/editMessageText "HTTP/1.1 200 OK"
2025-05-15 22:46:39,385 [INFO] HTTP Request: POST https://api.telegram.org/bot7981928739:AAHbGX19La0FBCgJkRr9yjKFf3vTxWoB5As/getUpdates "HTTP/1.1 200 OK"
2025-05-15 22:46:39,583 [INFO] HTTP Request: POST https://api.telegram.org/bot7981928739:AAHbGX19La0FBCgJkRr9yjKFf3vTxWoB5As/answerCallbackQuery "HTTP/1.1 200 OK"
2025-05-15 22:46:39,874 [INFO] HTTP Request: POST https://api.telegram.org/bot7981928739:AAHbGX19La0FBCgJkRr9yjKFf3vTxWoB5As/editMessageText "HTTP/1.1 200 OK"
2025-05-15 22:46:47,114 [INFO] HTTP Request: POST https://api.telegram.org/bot7981928739:AAHbGX19La0FBCgJkRr9yjKFf3vTxWoB5As/getUpdates "HTTP/1.1 200 OK"
2025-05-15 22:46:47,678 [INFO] HTTP Request: POST https://api.telegram.org/bot7981928739:AAHbGX19La0FBCgJkRr9yjKFf3vTxWoB5As/sendMessage "HTTP/1.1 200 OK"
2025-05-15 22:46:51,866 [INFO] HTTP Request: POST https://api.telegram.org/bot7981928739:AAHbGX19La0FBCgJkRr9yjKFf3vTxWoB5As/getUpdates "HTTP/1.1 200 OK"
2025-05-15 22:46:52,045 [INFO] HTTP Request: POST https://api.telegram.org/bot7981928739:AAHbGX19La0FBCgJkRr9yjKFf3vTxWoB5As/getFile "HTTP/1.1 200 OK"
2025-05-15 22:46:52,568 [INFO] HTTP Request: GET https://api.telegram.org/file/bot7981928739%3AAAHbGX19La0FBCgJkRr9yjKFf3vTxWoB5As/photos/file_4.jpg "HTTP/1.1 200 OK"
2025-05-15 22:46:53,064 [INFO] HTTP Request: POST https://api.telegram.org/bot7981928739:AAHbGX19La0FBCgJkRr9yjKFf3vTxWoB5As/sendMessage "HTTP/1.1 200 OK"
2025-05-15 22:46:56,235 [INFO] HTTP Request: POST https://api.telegram.org/bot7981928739:AAHbGX19La0FBCgJkRr9yjKFf3vTxWoB5As/getUpdates "HTTP/1.1 200 OK"
2025-05-15 22:46:56,485 [INFO] HTTP Request: POST https://api.telegram.org/bot7981928739:AAHbGX19La0FBCgJkRr9yjKFf3vTxWoB5As/sendMessage "HTTP/1.1 200 OK"
2025-05-15 22:47:00,001 [INFO] Email sent
2025-05-15 22:47:00,284 [INFO] HTTP Request: POST https://api.telegram.org/bot7981928739:AAHbGX19La0FBCgJkRr9yjKFf3vTxWoB5As/sendMessage "HTTP/1.1 200 OK"
2025-05-15 22:47:06,396 [INFO] HTTP Request: POST https://api.telegram.org/bot7981928739:AAHbGX19La0FBCgJkRr9yjKFf3vTxWoB5As/getUpdates "HTTP/1.1 200 OK"
2025-05-15 22:47:11,112 [INFO] HTTP Request: POST https://api.telegram.org/bot7981928739:AAHbGX19La0FBCgJkRr9yjKFf3vTxWoB5As/getUpdates "HTTP/1.1 200 OK"
2025-05-15 22:47:11,950 [INFO] HTTP Request: POST https://api.telegram.org/bot7981928739:AAHbGX19La0FBCgJkRr9yjKFf3vTxWoB5As/sendMessage "HTTP/1.1 200 OK"
2025-05-15 22:47:13,950 [INFO] HTTP Request: POST https://api.telegram.org/bot7981928739:AAHbGX19La0FBCgJkRr9yjKFf3vTxWoB5As/getUpdates "HTTP/1.1 200 OK"
2025-05-15 22:47:14,145 [INFO] HTTP Request: POST https://api.telegram.org/bot7981928739:AAHbGX19La0FBCgJkRr9yjKFf3vTxWoB5As/answerCallbackQuery "HTTP/1.1 200 OK"
2025-05-15 22:47:14,359 [INFO] HTTP Request: POST https://api.telegram.org/bot7981928739:AAHbGX19La0FBCgJkRr9yjKFf3vTxWoB5As/editMessageText "HTTP/1.1 200 OK"
2025-05-15 22:47:16,159 [INFO] HTTP Request: POST https://api.telegram.org/bot7981928739:AAHbGX19La0FBCgJkRr9yjKFf3vTxWoB5As/getUpdates "HTTP/1.1 200 OK"
2025-05-15 22:47:16,403 [INFO] HTTP Request: POST https://api.telegram.org/bot7981928739:AAHbGX19La0FBCgJkRr9yjKFf3vTxWoB5As/answerCallbackQuery "HTTP/1.1 200 OK"
2025-05-15 22:47:16,585 [INFO] HTTP Request: POST https://api.telegram.org/bot7981928739:AAHbGX19La0FBCgJkRr9yjKFf3vTxWoB5As/editMessageText "HTTP/1.1 200 OK"
2025-05-15 22:47:23,279 [INFO] HTTP Request: POST https://api.telegram.org/bot7981928739:AAHbGX19La0FBCgJkRr9yjKFf3vTxWoB5As/getUpdates "HTTP/1.1 200 OK"
2025-05-15 22:47:23,824 [INFO] HTTP Request: POST https://api.telegram.org/bot7981928739:AAHbGX19La0FBCgJkRr9yjKFf3vTxWoB5As/sendMessage "HTTP/1.1 200 OK"
2025-05-15 22:47:26,033 [INFO] HTTP Request: POST https://api.telegram.org/bot7981928739:AAHbGX19La0FBCgJkRr9yjKFf3vTxWoB5As/getUpdates "HTTP/1.1 200 OK"
2025-05-15 22:47:26,269 [INFO] HTTP Request: POST https://api.telegram.org/bot7981928739:AAHbGX19La0FBCgJkRr9yjKFf3vTxWoB5As/sendMessage "HTTP/1.1 200 OK"
2025-05-15 22:47:30,224 [INFO] Email sent
2025-05-15 22:47:30,477 [INFO] HTTP Request: POST https://api.telegram.org/bot7981928739:AAHbGX19La0FBCgJkRr9yjKFf3vTxWoB5As/sendMessage "HTTP/1.1 200 OK"
2025-05-15 22:47:36,200 [INFO] HTTP Request: POST https://api.telegram.org/bot7981928739:AAHbGX19La0FBCgJkRr9yjKFf3vTxWoB5As/getUpdates "HTTP/1.1 200 OK"
2025-05-15 22:47:46,424 [INFO] HTTP Request: POST https://api.telegram.org/bot7981928739:AAHbGX19La0FBCgJkRr9yjKFf3vTxWoB5As/getUpdates "HTTP/1.1 200 OK"
2025-05-15 22:47:56,583 [INFO] HTTP Request: POST https://api.telegram.org/bot7981928739:AAHbGX19La0FBCgJkRr9yjKFf3vTxWoB5As/getUpdates "HTTP/1.1 200 OK"
2025-05-15 22:48:06,989 [INFO] HTTP Request: POST https://api.telegram.org/bot7981928739:AAHbGX19La0FBCgJkRr9yjKFf3vTxWoB5As/getUpdates "HTTP/1.1 200 OK"
2025-05-15 22:48:17,161 [INFO] HTTP Request: POST https://api.telegram.org/bot7981928739:AAHbGX19La0FBCgJkRr9yjKFf3vTxWoB5As/getUpdates "HTTP/1.1 200 OK"
2025-05-15 22:48:27,390 [INFO] HTTP Request: POST https://api.telegram.org/bot7981928739:AAHbGX19La0FBCgJkRr9yjKFf3vTxWoB5As/getUpdates "HTTP/1.1 200 OK"
2025-05-15 22:48:37,625 [INFO] HTTP Request: POST https://api.telegram.org/bot7981928739:AAHbGX19La0FBCgJkRr9yjKFf3vTxWoB5As/getUpdates "HTTP/1.1 200 OK"
2025-05-15 22:48:49,584 [INFO] HTTP Request: POST https://api.telegram.org/bot7981928739:AAHbGX19La0FBCgJkRr9yjKFf3vTxWoB5As/getUpdates "HTTP/1.1 200 OK"
2025-05-15 22:48:59,864 [INFO] HTTP Request: POST https://api.telegram.org/bot7981928739:AAHbGX19La0FBCgJkRr9yjKFf3vTxWoB5As/getUpdates "HTTP/1.1 200 OK"
2025-05-15 22:49:10,403 [INFO] HTTP Request: POST https://api.telegram.org/bot7981928739:AAHbGX19La0FBCgJkRr9yjKFf3vTxWoB5As/getUpdates "HTTP/1.1 200 OK"
2025-05-15 22:49:20,671 [INFO] HTTP Request: POST https://api.telegram.org/bot7981928739:AAHbGX19La0FBCgJkRr9yjKFf3vTxWoB5As/getUpdates "HTTP/1.1 200 OK"
2025-05-15 22:49:30,904 [INFO] HTTP Request: POST https://api.telegram.org/bot7981928739:AAHbGX19La0FBCgJkRr9yjKFf3vTxWoB5As/getUpdates "HTTP/1.1 200 OK"
2025-05-15 22:49:41,149 [INFO] HTTP Request: POST https://api.telegram.org/bot7981928739:AAHbGX19La0FBCgJkRr9yjKFf3vTxWoB5As/getUpdates "HTTP/1.1 200 OK"
2025-05-15 22:49:51,389 [INFO] HTTP Request: POST https://api.telegram.org/bot7981928739:AAHbGX19La0FBCgJkRr9yjKFf3vTxWoB5As/getUpdates "HTTP/1.1 200 OK"
2025-05-15 22:50:01,567 [INFO] HTTP Request: POST https://api.telegram.org/bot7981928739:AAHbGX19La0FBCgJkRr9yjKFf3vTxWoB5As/getUpdates "HTTP/1.1 200 OK"
2025-05-15 22:50:11,705 [INFO] HTTP Request: POST https://api.telegram.org/bot7981928739:AAHbGX19La0FBCgJkRr9yjKFf3vTxWoB5As/getUpdates "HTTP/1.1 200 OK"
2025-05-15 22:50:21,945 [INFO] HTTP Request: POST https://api.telegram.org/bot7981928739:AAHbGX19La0FBCgJkRr9yjKFf3vTxWoB5As/getUpdates "HTTP/1.1 200 OK"
2025-05-15 22:50:32,186 [INFO] HTTP Request: POST https://api.telegram.org/bot7981928739:AAHbGX19La0FBCgJkRr9yjKFf3vTxWoB5As/getUpdates "HTTP/1.1 200 OK"
2025-05-15 22:50:42,425 [INFO] HTTP Request: POST https://api.telegram.org/bot7981928739:AAHbGX19La0FBCgJkRr9yjKFf3vTxWoB5As/getUpdates "HTTP/1.1 200 OK"
2025-05-15 22:50:52,676 [INFO] HTTP Request: POST https://api.telegram.org/bot7981928739:AAHbGX19La0FBCgJkRr9yjKFf3vTxWoB5As/getUpdates "HTTP/1.1 200 OK"
2025-05-15 22:51:02,918 [INFO] HTTP Request: POST https://api.telegram.org/bot7981928739:AAHbGX19La0FBCgJkRr9yjKFf3vTxWoB5As/getUpdates "HTTP/1.1 200 OK"
2025-05-15 22:51:13,040 [INFO] HTTP Request: POST https://api.telegram.org/bot7981928739:AAHbGX19La0FBCgJkRr9yjKFf3vTxWoB5As/getUpdates "HTTP/1.1 200 OK"
2025-05-15 22:51:23,241 [INFO] HTTP Request: POST https://api.telegram.org/bot7981928739:AAHbGX19La0FBCgJkRr9yjKFf3vTxWoB5As/getUpdates "HTTP/1.1 200 OK"
2025-05-15 22:51:33,410 [INFO] HTTP Request: POST https://api.telegram.org/bot7981928739:AAHbGX19La0FBCgJkRr9yjKFf3vTxWoB5As/getUpdates "HTTP/1.1 200 OK"
2025-05-15 22:51:43,950 [INFO] HTTP Request: POST https://api.telegram.org/bot7981928739:AAHbGX19La0FBCgJkRr9yjKFf3vTxWoB5As/getUpdates "HTTP/1.1 200 OK"
2025-05-15 22:51:54,121 [INFO] HTTP Request: POST https://api.telegram.org/bot7981928739:AAHbGX19La0FBCgJkRr9yjKFf3vTxWoB5As/getUpdates "HTTP/1.1 200 OK"
2025-05-15 22:52:04,424 [INFO] HTTP Request: POST https://api.telegram.org/bot7981928739:AAHbGX19La0FBCgJkRr9yjKFf3vTxWoB5As/getUpdates "HTTP/1.1 200 OK"
2025-05-15 22:52:14,590 [INFO] HTTP Request: POST https://api.telegram.org/bot7981928739:AAHbGX19La0FBCgJkRr9yjKFf3vTxWoB5As/getUpdates "HTTP/1.1 200 OK"
2025-05-15 22:52:24,903 [INFO] HTTP Request: POST https://api.telegram.org/bot7981928739:AAHbGX19La0FBCgJkRr9yjKFf3vTxWoB5As/getUpdates "HTTP/1.1 200 OK"
2025-05-15 22:52:35,048 [INFO] HTTP Request: POST https://api.telegram.org/bot7981928739:AAHbGX19La0FBCgJkRr9yjKFf3vTxWoB5As/getUpdates "HTTP/1.1 200 OK"
2025-05-15 22:53:00,214 [INFO] Telegram bot running …
2025-05-15 22:53:00,858 [INFO] HTTP Request: POST https://api.telegram.org/bot7981928739:AAHbGX19La0FBCgJkRr9yjKFf3vTxWoB5As/getMe "HTTP/1.1 200 OK"
2025-05-15 22:53:01,009 [INFO] HTTP Request: POST https://api.telegram.org/bot7981928739:AAHbGX19La0FBCgJkRr9yjKFf3vTxWoB5As/deleteWebhook "HTTP/1.1 200 OK"
2025-05-15 22:53:01,012 [INFO] Application started
2025-05-15 22:53:11,454 [INFO] HTTP Request: POST https://api.telegram.org/bot7981928739:AAHbGX19La0FBCgJkRr9yjKFf3vTxWoB5As/getUpdates "HTTP/1.1 200 OK"
2025-05-15 22:53:21,634 [INFO] HTTP Request: POST https://api.telegram.org/bot7981928739:AAHbGX19La0FBCgJkRr9yjKFf3vTxWoB5As/getUpdates "HTTP/1.1 200 OK"
2025-05-15 22:53:31,780 [INFO] HTTP Request: POST https://api.telegram.org/bot7981928739:AAHbGX19La0FBCgJkRr9yjKFf3vTxWoB5As/getUpdates "HTTP/1.1 200 OK"
2025-05-15 22:53:41,948 [INFO] HTTP Request: POST https://api.telegram.org/bot7981928739:AAHbGX19La0FBCgJkRr9yjKFf3vTxWoB5As/getUpdates "HTTP/1.1 200 OK"
2025-05-15 22:53:52,109 [INFO] HTTP Request: POST https://api.telegram.org/bot7981928739:AAHbGX19La0FBCgJkRr9yjKFf3vTxWoB5As/getUpdates "HTTP/1.1 200 OK"
2025-05-15 22:54:02,278 [INFO] HTTP Request: POST https://api.telegram.org/bot7981928739:AAHbGX19La0FBCgJkRr9yjKFf3vTxWoB5As/getUpdates "HTTP/1.1 200 OK"
2025-05-15 22:54:12,437 [INFO] HTTP Request: POST https://api.telegram.org/bot7981928739:AAHbGX19La0FBCgJkRr9yjKFf3vTxWoB5As/getUpdates "HTTP/1.1 200 OK"
2025-05-15 22:54:22,600 [INFO] HTTP Request: POST https://api.telegram.org/bot7981928739:AAHbGX19La0FBCgJkRr9yjKFf3vTxWoB5As/getUpdates "HTTP/1.1 200 OK"
2025-05-15 22:54:32,812 [INFO] HTTP Request: POST https://api.telegram.org/bot7981928739:AAHbGX19La0FBCgJkRr9yjKFf3vTxWoB5As/getUpdates "HTTP/1.1 200 OK"
2025-05-15 22:54:33,218 [INFO] HTTP Request: POST https://api.telegram.org/bot7981928739:AAHbGX19La0FBCgJkRr9yjKFf3vTxWoB5As/getUpdates "HTTP/1.1 200 OK"
2025-05-15 22:54:34,012 [INFO] HTTP Request: POST https://api.telegram.org/bot7981928739:AAHbGX19La0FBCgJkRr9yjKFf3vTxWoB5As/sendMessage "HTTP/1.1 200 OK"
2025-05-15 22:54:35,574 [INFO] HTTP Request: POST https://api.telegram.org/bot7981928739:AAHbGX19La0FBCgJkRr9yjKFf3vTxWoB5As/getUpdates "HTTP/1.1 200 OK"
2025-05-15 22:54:35,795 [INFO] HTTP Request: POST https://api.telegram.org/bot7981928739:AAHbGX19La0FBCgJkRr9yjKFf3vTxWoB5As/answerCallbackQuery "HTTP/1.1 200 OK"
2025-05-15 22:54:36,002 [INFO] HTTP Request: POST https://api.telegram.org/bot7981928739:AAHbGX19La0FBCgJkRr9yjKFf3vTxWoB5As/editMessageText "HTTP/1.1 200 OK"
2025-05-15 22:54:37,468 [INFO] HTTP Request: POST https://api.telegram.org/bot7981928739:AAHbGX19La0FBCgJkRr9yjKFf3vTxWoB5As/getUpdates "HTTP/1.1 200 OK"
2025-05-15 22:54:37,624 [INFO] HTTP Request: POST https://api.telegram.org/bot7981928739:AAHbGX19La0FBCgJkRr9yjKFf3vTxWoB5As/answerCallbackQuery "HTTP/1.1 200 OK"
2025-05-15 22:54:37,840 [INFO] HTTP Request: POST https://api.telegram.org/bot7981928739:AAHbGX19La0FBCgJkRr9yjKFf3vTxWoB5As/editMessageText "HTTP/1.1 200 OK"
2025-05-15 22:54:47,613 [INFO] HTTP Request: POST https://api.telegram.org/bot7981928739:AAHbGX19La0FBCgJkRr9yjKFf3vTxWoB5As/getUpdates "HTTP/1.1 200 OK"
2025-05-15 22:54:47,759 [INFO] HTTP Request: POST https://api.telegram.org/bot7981928739:AAHbGX19La0FBCgJkRr9yjKFf3vTxWoB5As/getUpdates "HTTP/1.1 200 OK"
2025-05-15 22:54:48,490 [INFO] HTTP Request: POST https://api.telegram.org/bot7981928739:AAHbGX19La0FBCgJkRr9yjKFf3vTxWoB5As/sendMessage "HTTP/1.1 200 OK"
2025-05-15 22:54:55,408 [INFO] HTTP Request: POST https://api.telegram.org/bot7981928739:AAHbGX19La0FBCgJkRr9yjKFf3vTxWoB5As/getUpdates "HTTP/1.1 200 OK"
2025-05-15 22:54:56,040 [INFO] HTTP Request: POST https://api.telegram.org/bot7981928739:AAHbGX19La0FBCgJkRr9yjKFf3vTxWoB5As/getFile "HTTP/1.1 200 OK"
2025-05-15 22:54:56,746 [INFO] HTTP Request: GET https://api.telegram.org/file/bot7981928739%3AAAHbGX19La0FBCgJkRr9yjKFf3vTxWoB5As/photos/file_6.jpg "HTTP/1.1 200 OK"
2025-05-15 22:54:57,306 [INFO] HTTP Request: POST https://api.telegram.org/bot7981928739:AAHbGX19La0FBCgJkRr9yjKFf3vTxWoB5As/sendMessage "HTTP/1.1 200 OK"
2025-05-15 22:54:59,821 [INFO] HTTP Request: POST https://api.telegram.org/bot7981928739:AAHbGX19La0FBCgJkRr9yjKFf3vTxWoB5As/getUpdates "HTTP/1.1 200 OK"
2025-05-15 22:55:00,028 [INFO] HTTP Request: POST https://api.telegram.org/bot7981928739:AAHbGX19La0FBCgJkRr9yjKFf3vTxWoB5As/sendMessage "HTTP/1.1 200 OK"
2025-05-15 22:55:04,400 [INFO] Email sent
2025-05-15 22:55:04,607 [INFO] HTTP Request: POST https://api.telegram.org/bot7981928739:AAHbGX19La0FBCgJkRr9yjKFf3vTxWoB5As/sendMessage "HTTP/1.1 200 OK"
2025-05-15 22:55:09,991 [INFO] HTTP Request: POST https://api.telegram.org/bot7981928739:AAHbGX19La0FBCgJkRr9yjKFf3vTxWoB5As/getUpdates "HTTP/1.1 200 OK"
2025-05-15 22:55:20,346 [INFO] HTTP Request: POST https://api.telegram.org/bot7981928739:AAHbGX19La0FBCgJkRr9yjKFf3vTxWoB5As/getUpdates "HTTP/1.1 200 OK"
2025-05-15 22:55:30,585 [INFO] HTTP Request: POST https://api.telegram.org/bot7981928739:AAHbGX19La0FBCgJkRr9yjKFf3vTxWoB5As/getUpdates "HTTP/1.1 200 OK"
2025-05-15 22:55:40,826 [INFO] HTTP Request: POST https://api.telegram.org/bot7981928739:AAHbGX19La0FBCgJkRr9yjKFf3vTxWoB5As/getUpdates "HTTP/1.1 200 OK"
2025-05-15 22:55:50,983 [INFO] HTTP Request: POST https://api.telegram.org/bot7981928739:AAHbGX19La0FBCgJkRr9yjKFf3vTxWoB5As/getUpdates "HTTP/1.1 200 OK"
2025-05-15 22:56:01,307 [INFO] HTTP Request: POST https://api.telegram.org/bot7981928739:AAHbGX19La0FBCgJkRr9yjKFf3vTxWoB5As/getUpdates "HTTP/1.1 200 OK"
2025-05-15 22:56:11,511 [INFO] HTTP Request: POST https://api.telegram.org/bot7981928739:AAHbGX19La0FBCgJkRr9yjKFf3vTxWoB5As/getUpdates "HTTP/1.1 200 OK"
2025-05-15 22:56:21,788 [INFO] HTTP Request: POST https://api.telegram.org/bot7981928739:AAHbGX19La0FBCgJkRr9yjKFf3vTxWoB5As/getUpdates "HTTP/1.1 200 OK"
2025-05-15 22:56:32,026 [INFO] HTTP Request: POST https://api.telegram.org/bot7981928739:AAHbGX19La0FBCgJkRr9yjKFf3vTxWoB5As/getUpdates "HTTP/1.1 200 OK"
2025-05-15 22:56:42,266 [INFO] HTTP Request: POST https://api.telegram.org/bot7981928739:AAHbGX19La0FBCgJkRr9yjKFf3vTxWoB5As/getUpdates "HTTP/1.1 200 OK"
2025-05-15 22:56:52,506 [INFO] HTTP Request: POST https://api.telegram.org/bot7981928739:AAHbGX19La0FBCgJkRr9yjKFf3vTxWoB5As/getUpdates "HTTP/1.1 200 OK"
2025-05-15 22:57:02,752 [INFO] HTTP Request: POST https://api.telegram.org/bot7981928739:AAHbGX19La0FBCgJkRr9yjKFf3vTxWoB5As/getUpdates "HTTP/1.1 200 OK"
2025-05-15 22:57:13,079 [INFO] HTTP Request: POST https://api.telegram.org/bot7981928739:AAHbGX19La0FBCgJkRr9yjKFf3vTxWoB5As/getUpdates "HTTP/1.1 200 OK"
2025-05-15 22:57:23,220 [INFO] HTTP Request: POST https://api.telegram.org/bot7981928739:AAHbGX19La0FBCgJkRr9yjKFf3vTxWoB5As/getUpdates "HTTP/1.1 200 OK"
2025-05-15 22:57:33,384 [INFO] HTTP Request: POST https://api.telegram.org/bot7981928739:AAHbGX19La0FBCgJkRr9yjKFf3vTxWoB5As/getUpdates "HTTP/1.1 200 OK"
2025-05-15 22:57:43,545 [INFO] HTTP Request: POST https://api.telegram.org/bot7981928739:AAHbGX19La0FBCgJkRr9yjKFf3vTxWoB5As/getUpdates "HTTP/1.1 200 OK"
2025-05-15 22:57:53,794 [INFO] HTTP Request: POST https://api.telegram.org/bot7981928739:AAHbGX19La0FBCgJkRr9yjKFf3vTxWoB5As/getUpdates "HTTP/1.1 200 OK"
2025-05-15 22:58:04,119 [INFO] HTTP Request: POST https://api.telegram.org/bot7981928739:AAHbGX19La0FBCgJkRr9yjKFf3vTxWoB5As/getUpdates "HTTP/1.1 200 OK"
2025-05-15 22:58:14,433 [INFO] HTTP Request: POST https://api.telegram.org/bot7981928739:AAHbGX19La0FBCgJkRr9yjKFf3vTxWoB5As/getUpdates "HTTP/1.1 200 OK"
2025-05-15 22:58:24,583 [INFO] HTTP Request: POST https://api.telegram.org/bot7981928739:AAHbGX19La0FBCgJkRr9yjKFf3vTxWoB5As/getUpdates "HTTP/1.1 200 OK"
2025-05-15 22:58:38,665 [INFO] HTTP Request: POST https://api.telegram.org/bot7981928739:AAHbGX19La0FBCgJkRr9yjKFf3vTxWoB5As/getUpdates "HTTP/1.1 200 OK"
2025-05-15 22:59:20,195 [INFO] HTTP Request: POST https://api.telegram.org/bot7981928739:AAHbGX19La0FBCgJkRr9yjKFf3vTxWoB5As/getUpdates "HTTP/1.1 200 OK"
2025-05-15 22:59:30,352 [INFO] HTTP Request: POST https://api.telegram.org/bot7981928739:AAHbGX19La0FBCgJkRr9yjKFf3vTxWoB5As/getUpdates "HTTP/1.1 200 OK"
2025-05-15 22:59:40,520 [INFO] HTTP Request: POST https://api.telegram.org/bot7981928739:AAHbGX19La0FBCgJkRr9yjKFf3vTxWoB5As/getUpdates "HTTP/1.1 200 OK"
2025-05-15 22:59:52,149 [INFO] HTTP Request: POST https://api.telegram.org/bot7981928739:AAHbGX19La0FBCgJkRr9yjKFf3vTxWoB5As/getUpdates "HTTP/1.1 200 OK"
2025-05-15 23:00:02,426 [INFO] HTTP Request: POST https://api.telegram.org/bot7981928739:AAHbGX19La0FBCgJkRr9yjKFf3vTxWoB5As/getUpdates "HTTP/1.1 200 OK"
2025-05-15 23:00:12,592 [INFO] HTTP Request: POST https://api.telegram.org/bot7981928739:AAHbGX19La0FBCgJkRr9yjKFf3vTxWoB5As/getUpdates "HTTP/1.1 200 OK"
2025-05-15 23:00:24,705 [INFO] HTTP Request: POST https://api.telegram.org/bot7981928739:AAHbGX19La0FBCgJkRr9yjKFf3vTxWoB5As/getUpdates "HTTP/1.1 200 OK"
2025-05-15 23:00:31,055 [INFO] Telegram bot running …
2025-05-15 23:00:31,731 [INFO] HTTP Request: POST https://api.telegram.org/bot7981928739:AAHbGX19La0FBCgJkRr9yjKFf3vTxWoB5As/getMe "HTTP/1.1 200 OK"
2025-05-15 23:00:32,024 [INFO] HTTP Request: POST https://api.telegram.org/bot7981928739:AAHbGX19La0FBCgJkRr9yjKFf3vTxWoB5As/deleteWebhook "HTTP/1.1 200 OK"
2025-05-15 23:00:32,029 [INFO] Application started
2025-05-15 23:00:42,592 [INFO] HTTP Request: POST https://api.telegram.org/bot7981928739:AAHbGX19La0FBCgJkRr9yjKFf3vTxWoB5As/getUpdates "HTTP/1.1 200 OK"
2025-05-15 23:00:53,073 [INFO] HTTP Request: POST https://api.telegram.org/bot7981928739:AAHbGX19La0FBCgJkRr9yjKFf3vTxWoB5As/getUpdates "HTTP/1.1 200 OK"
2025-05-15 23:01:03,243 [INFO] HTTP Request: POST https://api.telegram.org/bot7981928739:AAHbGX19La0FBCgJkRr9yjKFf3vTxWoB5As/getUpdates "HTTP/1.1 200 OK"
2025-05-15 23:01:13,527 [INFO] Telegram bot running …
2025-05-15 23:01:14,114 [INFO] HTTP Request: POST https://api.telegram.org/bot7981928739:AAHbGX19La0FBCgJkRr9yjKFf3vTxWoB5As/getMe "HTTP/1.1 200 OK"
2025-05-15 23:01:14,266 [INFO] HTTP Request: POST https://api.telegram.org/bot7981928739:AAHbGX19La0FBCgJkRr9yjKFf3vTxWoB5As/deleteWebhook "HTTP/1.1 200 OK"
2025-05-15 23:01:14,269 [INFO] Application started
2025-05-15 23:01:24,989 [INFO] HTTP Request: POST https://api.telegram.org/bot7981928739:AAHbGX19La0FBCgJkRr9yjKFf3vTxWoB5As/getUpdates "HTTP/1.1 200 OK"
2025-05-15 23:01:35,229 [INFO] HTTP Request: POST https://api.telegram.org/bot7981928739:AAHbGX19La0FBCgJkRr9yjKFf3vTxWoB5As/getUpdates "HTTP/1.1 200 OK"
2025-05-15 23:01:45,398 [INFO] HTTP Request: POST https://api.telegram.org/bot7981928739:AAHbGX19La0FBCgJkRr9yjKFf3vTxWoB5As/getUpdates "HTTP/1.1 200 OK"
2025-05-15 23:01:55,553 [INFO] HTTP Request: POST https://api.telegram.org/bot7981928739:AAHbGX19La0FBCgJkRr9yjKFf3vTxWoB5As/getUpdates "HTTP/1.1 200 OK"
2025-05-15 23:02:05,706 [INFO] HTTP Request: POST https://api.telegram.org/bot7981928739:AAHbGX19La0FBCgJkRr9yjKFf3vTxWoB5As/getUpdates "HTTP/1.1 200 OK"
2025-05-15 23:02:15,867 [INFO] HTTP Request: POST https://api.telegram.org/bot7981928739:AAHbGX19La0FBCgJkRr9yjKFf3vTxWoB5As/getUpdates "HTTP/1.1 200 OK"
2025-05-15 23:02:26,104 [INFO] HTTP Request: POST https://api.telegram.org/bot7981928739:AAHbGX19La0FBCgJkRr9yjKFf3vTxWoB5As/getUpdates "HTTP/1.1 200 OK"
2025-05-15 23:02:36,342 [INFO] HTTP Request: POST https://api.telegram.org/bot7981928739:AAHbGX19La0FBCgJkRr9yjKFf3vTxWoB5As/getUpdates "HTTP/1.1 200 OK"
2025-05-15 23:02:46,582 [INFO] HTTP Request: POST https://api.telegram.org/bot7981928739:AAHbGX19La0FBCgJkRr9yjKFf3vTxWoB5As/getUpdates "HTTP/1.1 200 OK"
2025-05-15 23:02:56,787 [INFO] HTTP Request: POST https://api.telegram.org/bot7981928739:AAHbGX19La0FBCgJkRr9yjKFf3vTxWoB5As/getUpdates "HTTP/1.1 200 OK"
2025-05-15 23:03:06,981 [INFO] HTTP Request: POST https://api.telegram.org/bot7981928739:AAHbGX19La0FBCgJkRr9yjKFf3vTxWoB5As/getUpdates "HTTP/1.1 200 OK"
2025-05-15 23:03:17,148 [INFO] HTTP Request: POST https://api.telegram.org/bot7981928739:AAHbGX19La0FBCgJkRr9yjKFf3vTxWoB5As/getUpdates "HTTP/1.1 200 OK"
2025-05-15 23:03:27,307 [INFO] HTTP Request: POST https://api.telegram.org/bot7981928739:AAHbGX19La0FBCgJkRr9yjKFf3vTxWoB5As/getUpdates "HTTP/1.1 200 OK"
2025-05-15 23:03:37,478 [INFO] HTTP Request: POST https://api.telegram.org/bot7981928739:AAHbGX19La0FBCgJkRr9yjKFf3vTxWoB5As/getUpdates "HTTP/1.1 200 OK"
2025-05-15 23:03:47,633 [INFO] HTTP Request: POST https://api.telegram.org/bot7981928739:AAHbGX19La0FBCgJkRr9yjKFf3vTxWoB5As/getUpdates "HTTP/1.1 200 OK"
2025-05-15 23:03:57,796 [INFO] HTTP Request: POST https://api.telegram.org/bot7981928739:AAHbGX19La0FBCgJkRr9yjKFf3vTxWoB5As/getUpdates "HTTP/1.1 200 OK"
2025-05-15 23:04:07,948 [INFO] HTTP Request: POST https://api.telegram.org/bot7981928739:AAHbGX19La0FBCgJkRr9yjKFf3vTxWoB5As/getUpdates "HTTP/1.1 200 OK"
2025-05-15 23:04:18,106 [INFO] HTTP Request: POST https://api.telegram.org/bot7981928739:AAHbGX19La0FBCgJkRr9yjKFf3vTxWoB5As/getUpdates "HTTP/1.1 200 OK"
2025-05-15 23:04:28,512 [INFO] HTTP Request: POST https://api.telegram.org/bot7981928739:AAHbGX19La0FBCgJkRr9yjKFf3vTxWoB5As/getUpdates "HTTP/1.1 200 OK"
2025-05-15 23:04:38,673 [INFO] HTTP Request: POST https://api.telegram.org/bot7981928739:AAHbGX19La0FBCgJkRr9yjKFf3vTxWoB5As/getUpdates "HTTP/1.1 200 OK"
2025-05-15 23:04:48,829 [INFO] HTTP Request: POST https://api.telegram.org/bot7981928739:AAHbGX19La0FBCgJkRr9yjKFf3vTxWoB5As/getUpdates "HTTP/1.1 200 OK"
2025-05-15 23:04:59,087 [INFO] HTTP Request: POST https://api.telegram.org/bot7981928739:AAHbGX19La0FBCgJkRr9yjKFf3vTxWoB5As/getUpdates "HTTP/1.1 200 OK"
2025-05-15 23:05:09,293 [INFO] HTTP Request: POST https://api.telegram.org/bot7981928739:AAHbGX19La0FBCgJkRr9yjKFf3vTxWoB5As/getUpdates "HTTP/1.1 200 OK"
2025-05-15 23:05:19,531 [INFO] HTTP Request: POST https://api.telegram.org/bot7981928739:AAHbGX19La0FBCgJkRr9yjKFf3vTxWoB5As/getUpdates "HTTP/1.1 200 OK"
2025-05-15 23:05:29,702 [INFO] HTTP Request: POST https://api.telegram.org/bot7981928739:AAHbGX19La0FBCgJkRr9yjKFf3vTxWoB5As/getUpdates "HTTP/1.1 200 OK"
2025-05-15 23:05:41,662 [INFO] Telegram bot running …
2025-05-15 23:05:42,933 [INFO] HTTP Request: POST https://api.telegram.org/bot7981928739:AAHbGX19La0FBCgJkRr9yjKFf3vTxWoB5As/getMe "HTTP/1.1 200 OK"
2025-05-15 23:05:43,213 [INFO] HTTP Request: POST https://api.telegram.org/bot7981928739:AAHbGX19La0FBCgJkRr9yjKFf3vTxWoB5As/deleteWebhook "HTTP/1.1 200 OK"
2025-05-15 23:05:43,216 [INFO] Application started
2025-05-15 23:05:53,772 [INFO] HTTP Request: POST https://api.telegram.org/bot7981928739:AAHbGX19La0FBCgJkRr9yjKFf3vTxWoB5As/getUpdates "HTTP/1.1 200 OK"
2025-05-15 23:06:04,011 [INFO] HTTP Request: POST https://api.telegram.org/bot7981928739:AAHbGX19La0FBCgJkRr9yjKFf3vTxWoB5As/getUpdates "HTTP/1.1 200 OK"
2025-05-15 23:06:14,252 [INFO] HTTP Request: POST https://api.telegram.org/bot7981928739:AAHbGX19La0FBCgJkRr9yjKFf3vTxWoB5As/getUpdates "HTTP/1.1 200 OK"
2025-05-15 23:06:24,493 [INFO] HTTP Request: POST https://api.telegram.org/bot7981928739:AAHbGX19La0FBCgJkRr9yjKFf3vTxWoB5As/getUpdates "HTTP/1.1 200 OK"
2025-05-15 23:06:34,809 [INFO] HTTP Request: POST https://api.telegram.org/bot7981928739:AAHbGX19La0FBCgJkRr9yjKFf3vTxWoB5As/getUpdates "HTTP/1.1 200 OK"
2025-05-15 23:06:45,351 [INFO] HTTP Request: POST https://api.telegram.org/bot7981928739:AAHbGX19La0FBCgJkRr9yjKFf3vTxWoB5As/getUpdates "HTTP/1.1 200 OK"
2025-05-15 23:06:54,538 [INFO] HTTP Request: POST https://api.telegram.org/bot7981928739:AAHbGX19La0FBCgJkRr9yjKFf3vTxWoB5As/getUpdates "HTTP/1.1 200 OK"
2025-05-15 23:06:56,107 [INFO] HTTP Request: POST https://api.telegram.org/bot7981928739:AAHbGX19La0FBCgJkRr9yjKFf3vTxWoB5As/sendMessage "HTTP/1.1 200 OK"
2025-05-15 23:06:58,391 [INFO] HTTP Request: POST https://api.telegram.org/bot7981928739:AAHbGX19La0FBCgJkRr9yjKFf3vTxWoB5As/getUpdates "HTTP/1.1 200 OK"
2025-05-15 23:06:59,109 [INFO] HTTP Request: POST https://api.telegram.org/bot7981928739:AAHbGX19La0FBCgJkRr9yjKFf3vTxWoB5As/answerCallbackQuery "HTTP/1.1 200 OK"
2025-05-15 23:06:59,672 [INFO] HTTP Request: POST https://api.telegram.org/bot7981928739:AAHbGX19La0FBCgJkRr9yjKFf3vTxWoB5As/editMessageText "HTTP/1.1 200 OK"
2025-05-15 23:07:01,595 [INFO] HTTP Request: POST https://api.telegram.org/bot7981928739:AAHbGX19La0FBCgJkRr9yjKFf3vTxWoB5As/getUpdates "HTTP/1.1 200 OK"
2025-05-15 23:07:01,791 [INFO] HTTP Request: POST https://api.telegram.org/bot7981928739:AAHbGX19La0FBCgJkRr9yjKFf3vTxWoB5As/answerCallbackQuery "HTTP/1.1 200 OK"
2025-05-15 23:07:02,027 [INFO] HTTP Request: POST https://api.telegram.org/bot7981928739:AAHbGX19La0FBCgJkRr9yjKFf3vTxWoB5As/editMessageText "HTTP/1.1 200 OK"
2025-05-15 23:07:10,065 [INFO] HTTP Request: POST https://api.telegram.org/bot7981928739:AAHbGX19La0FBCgJkRr9yjKFf3vTxWoB5As/getUpdates "HTTP/1.1 200 OK"
2025-05-15 23:07:12,812 [INFO] HTTP Request: POST https://api.telegram.org/bot7981928739:AAHbGX19La0FBCgJkRr9yjKFf3vTxWoB5As/sendMessage "HTTP/1.1 200 OK"
2025-05-15 23:07:19,313 [INFO] HTTP Request: POST https://api.telegram.org/bot7981928739:AAHbGX19La0FBCgJkRr9yjKFf3vTxWoB5As/getUpdates "HTTP/1.1 200 OK"
2025-05-15 23:07:21,065 [INFO] HTTP Request: POST https://api.telegram.org/bot7981928739:AAHbGX19La0FBCgJkRr9yjKFf3vTxWoB5As/getFile "HTTP/1.1 200 OK"
2025-05-15 23:07:22,504 [INFO] HTTP Request: GET https://api.telegram.org/file/bot7981928739%3AAAHbGX19La0FBCgJkRr9yjKFf3vTxWoB5As/photos/file_4.jpg "HTTP/1.1 200 OK"
2025-05-15 23:07:25,383 [INFO] HTTP Request: POST https://api.telegram.org/bot7981928739:AAHbGX19La0FBCgJkRr9yjKFf3vTxWoB5As/sendMessage "HTTP/1.1 200 OK"
2025-05-15 23:07:27,386 [INFO] HTTP Request: POST https://api.telegram.org/bot7981928739:AAHbGX19La0FBCgJkRr9yjKFf3vTxWoB5As/getUpdates "HTTP/1.1 200 OK"
2025-05-15 23:07:27,651 [INFO] HTTP Request: POST https://api.telegram.org/bot7981928739:AAHbGX19La0FBCgJkRr9yjKFf3vTxWoB5As/sendMessage "HTTP/1.1 200 OK"
2025-05-15 23:07:34,145 [INFO] Email sent
2025-05-15 23:07:35,599 [INFO] HTTP Request: POST https://api.telegram.org/bot7981928739:AAHbGX19La0FBCgJkRr9yjKFf3vTxWoB5As/sendMessage "HTTP/1.1 200 OK"
2025-05-15 23:07:38,139 [INFO] HTTP Request: POST https://api.telegram.org/bot7981928739:AAHbGX19La0FBCgJkRr9yjKFf3vTxWoB5As/getUpdates "HTTP/1.1 200 OK"
2025-05-15 23:07:48,621 [INFO] HTTP Request: POST https://api.telegram.org/bot7981928739:AAHbGX19La0FBCgJkRr9yjKFf3vTxWoB5As/getUpdates "HTTP/1.1 200 OK"
2025-05-15 23:07:58,974 [INFO] HTTP Request: POST https://api.telegram.org/bot7981928739:AAHbGX19La0FBCgJkRr9yjKFf3vTxWoB5As/getUpdates "HTTP/1.1 200 OK"
2025-05-15 23:08:09,413 [INFO] HTTP Request: POST https://api.telegram.org/bot7981928739:AAHbGX19La0FBCgJkRr9yjKFf3vTxWoB5As/getUpdates "HTTP/1.1 200 OK"
2025-05-15 23:08:20,271 [INFO] HTTP Request: POST https://api.telegram.org/bot7981928739:AAHbGX19La0FBCgJkRr9yjKFf3vTxWoB5As/getUpdates "HTTP/1.1 200 OK"
2025-05-15 23:08:30,733 [INFO] HTTP Request: POST https://api.telegram.org/bot7981928739:AAHbGX19La0FBCgJkRr9yjKFf3vTxWoB5As/getUpdates "HTTP/1.1 200 OK"
2025-05-15 23:08:41,540 [INFO] HTTP Request: POST https://api.telegram.org/bot7981928739:AAHbGX19La0FBCgJkRr9yjKFf3vTxWoB5As/getUpdates "HTTP/1.1 200 OK"
2025-05-15 23:08:51,949 [INFO] HTTP Request: POST https://api.telegram.org/bot7981928739:AAHbGX19La0FBCgJkRr9yjKFf3vTxWoB5As/getUpdates "HTTP/1.1 200 OK"
2025-05-15 23:09:02,257 [INFO] HTTP Request: POST https://api.telegram.org/bot7981928739:AAHbGX19La0FBCgJkRr9yjKFf3vTxWoB5As/getUpdates "HTTP/1.1 200 OK"
2025-05-15 23:09:12,492 [INFO] HTTP Request: POST https://api.telegram.org/bot7981928739:AAHbGX19La0FBCgJkRr9yjKFf3vTxWoB5As/getUpdates "HTTP/1.1 200 OK"
2025-05-15 23:09:26,761 [INFO] Telegram bot running …
2025-05-15 23:09:27,301 [INFO] HTTP Request: POST https://api.telegram.org/bot7981928739:AAHbGX19La0FBCgJkRr9yjKFf3vTxWoB5As/getMe "HTTP/1.1 200 OK"
2025-05-15 23:09:27,449 [INFO] HTTP Request: POST https://api.telegram.org/bot7981928739:AAHbGX19La0FBCgJkRr9yjKFf3vTxWoB5As/deleteWebhook "HTTP/1.1 200 OK"
2025-05-15 23:09:27,451 [INFO] Application started
2025-05-15 23:09:37,938 [INFO] HTTP Request: POST https://api.telegram.org/bot7981928739:AAHbGX19La0FBCgJkRr9yjKFf3vTxWoB5As/getUpdates "HTTP/1.1 200 OK"
2025-05-15 23:09:48,093 [INFO] HTTP Request: POST https://api.telegram.org/bot7981928739:AAHbGX19La0FBCgJkRr9yjKFf3vTxWoB5As/getUpdates "HTTP/1.1 200 OK"
2025-05-15 23:09:58,267 [INFO] HTTP Request: POST https://api.telegram.org/bot7981928739:AAHbGX19La0FBCgJkRr9yjKFf3vTxWoB5As/getUpdates "HTTP/1.1 200 OK"
2025-05-15 23:10:08,775 [INFO] HTTP Request: POST https://api.telegram.org/bot7981928739:AAHbGX19La0FBCgJkRr9yjKFf3vTxWoB5As/getUpdates "HTTP/1.1 200 OK"
2025-05-15 23:10:19,050 [INFO] HTTP Request: POST https://api.telegram.org/bot7981928739:AAHbGX19La0FBCgJkRr9yjKFf3vTxWoB5As/getUpdates "HTTP/1.1 200 OK"
2025-05-15 23:10:29,209 [INFO] HTTP Request: POST https://api.telegram.org/bot7981928739:AAHbGX19La0FBCgJkRr9yjKFf3vTxWoB5As/getUpdates "HTTP/1.1 200 OK"
2025-05-15 23:10:39,529 [INFO] HTTP Request: POST https://api.telegram.org/bot7981928739:AAHbGX19La0FBCgJkRr9yjKFf3vTxWoB5As/getUpdates "HTTP/1.1 200 OK"
2025-05-15 23:10:49,770 [INFO] HTTP Request: POST https://api.telegram.org/bot7981928739:AAHbGX19La0FBCgJkRr9yjKFf3vTxWoB5As/getUpdates "HTTP/1.1 200 OK"
2025-05-15 23:11:00,222 [INFO] HTTP Request: POST https://api.telegram.org/bot7981928739:AAHbGX19La0FBCgJkRr9yjKFf3vTxWoB5As/getUpdates "HTTP/1.1 200 OK"
2025-05-15 23:11:10,395 [INFO] HTTP Request: POST https://api.telegram.org/bot7981928739:AAHbGX19La0FBCgJkRr9yjKFf3vTxWoB5As/getUpdates "HTTP/1.1 200 OK"
2025-05-15 23:11:20,554 [INFO] HTTP Request: POST https://api.telegram.org/bot7981928739:AAHbGX19La0FBCgJkRr9yjKFf3vTxWoB5As/getUpdates "HTTP/1.1 200 OK"
2025-05-15 23:11:30,730 [INFO] HTTP Request: POST https://api.telegram.org/bot7981928739:AAHbGX19La0FBCgJkRr9yjKFf3vTxWoB5As/getUpdates "HTTP/1.1 200 OK"
2025-05-15 23:11:40,971 [INFO] HTTP Request: POST https://api.telegram.org/bot7981928739:AAHbGX19La0FBCgJkRr9yjKFf3vTxWoB5As/getUpdates "HTTP/1.1 200 OK"
2025-05-15 23:11:51,126 [INFO] HTTP Request: POST https://api.telegram.org/bot7981928739:AAHbGX19La0FBCgJkRr9yjKFf3vTxWoB5As/getUpdates "HTTP/1.1 200 OK"
2025-05-15 23:12:01,287 [INFO] HTTP Request: POST https://api.telegram.org/bot7981928739:AAHbGX19La0FBCgJkRr9yjKFf3vTxWoB5As/getUpdates "HTTP/1.1 200 OK"
2025-05-15 23:12:11,490 [INFO] HTTP Request: POST https://api.telegram.org/bot7981928739:AAHbGX19La0FBCgJkRr9yjKFf3vTxWoB5As/getUpdates "HTTP/1.1 200 OK"
2025-05-15 23:12:21,730 [INFO] HTTP Request: POST https://api.telegram.org/bot7981928739:AAHbGX19La0FBCgJkRr9yjKFf3vTxWoB5As/getUpdates "HTTP/1.1 200 OK"
2025-05-15 23:12:32,175 [INFO] HTTP Request: POST https://api.telegram.org/bot7981928739:AAHbGX19La0FBCgJkRr9yjKFf3vTxWoB5As/getUpdates "HTTP/1.1 200 OK"
2025-05-15 23:12:42,409 [INFO] HTTP Request: POST https://api.telegram.org/bot7981928739:AAHbGX19La0FBCgJkRr9yjKFf3vTxWoB5As/getUpdates "HTTP/1.1 200 OK"
2025-05-15 23:12:52,859 [INFO] HTTP Request: POST https://api.telegram.org/bot7981928739:AAHbGX19La0FBCgJkRr9yjKFf3vTxWoB5As/getUpdates "HTTP/1.1 200 OK"
2025-05-15 23:13:03,304 [INFO] HTTP Request: POST https://api.telegram.org/bot7981928739:AAHbGX19La0FBCgJkRr9yjKFf3vTxWoB5As/getUpdates "HTTP/1.1 200 OK"
2025-05-15 23:13:13,545 [INFO] HTTP Request: POST https://api.telegram.org/bot7981928739:AAHbGX19La0FBCgJkRr9yjKFf3vTxWoB5As/getUpdates "HTTP/1.1 200 OK"
2025-05-15 23:13:23,784 [INFO] HTTP Request: POST https://api.telegram.org/bot7981928739:AAHbGX19La0FBCgJkRr9yjKFf3vTxWoB5As/getUpdates "HTTP/1.1 200 OK"
2025-05-15 23:13:34,230 [INFO] HTTP Request: POST https://api.telegram.org/bot7981928739:AAHbGX19La0FBCgJkRr9yjKFf3vTxWoB5As/getUpdates "HTTP/1.1 200 OK"
2025-05-15 23:13:44,418 [INFO] HTTP Request: POST https://api.telegram.org/bot7981928739:AAHbGX19La0FBCgJkRr9yjKFf3vTxWoB5As/getUpdates "HTTP/1.1 200 OK"
2025-05-15 23:13:54,709 [INFO] HTTP Request: POST https://api.telegram.org/bot7981928739:AAHbGX19La0FBCgJkRr9yjKFf3vTxWoB5As/getUpdates "HTTP/1.1 200 OK"
2025-05-15 23:14:05,155 [INFO] HTTP Request: POST https://api.telegram.org/bot7981928739:AAHbGX19La0FBCgJkRr9yjKFf3vTxWoB5As/getUpdates "HTTP/1.1 200 OK"
2025-05-15 23:14:15,333 [INFO] HTTP Request: POST https://api.telegram.org/bot7981928739:AAHbGX19La0FBCgJkRr9yjKFf3vTxWoB5As/getUpdates "HTTP/1.1 200 OK"
2025-05-15 23:14:27,190 [INFO] HTTP Request: POST https://api.telegram.org/bot7981928739:AAHbGX19La0FBCgJkRr9yjKFf3vTxWoB5As/getUpdates "HTTP/1.1 200 OK"
2025-05-15 23:14:37,327 [INFO] HTTP Request: POST https://api.telegram.org/bot7981928739:AAHbGX19La0FBCgJkRr9yjKFf3vTxWoB5As/getUpdates "HTTP/1.1 200 OK"
2025-05-15 23:14:47,515 [INFO] HTTP Request: POST https://api.telegram.org/bot7981928739:AAHbGX19La0FBCgJkRr9yjKFf3vTxWoB5As/getUpdates "HTTP/1.1 200 OK"
2025-05-15 23:14:58,176 [INFO] HTTP Request: POST https://api.telegram.org/bot7981928739:AAHbGX19La0FBCgJkRr9yjKFf3vTxWoB5As/getUpdates "HTTP/1.1 200 OK"
2025-05-15 23:15:08,725 [INFO] HTTP Request: POST https://api.telegram.org/bot7981928739:AAHbGX19La0FBCgJkRr9yjKFf3vTxWoB5As/getUpdates "HTTP/1.1 200 OK"
2025-05-15 23:15:18,940 [INFO] HTTP Request: POST https://api.telegram.org/bot7981928739:AAHbGX19La0FBCgJkRr9yjKFf3vTxWoB5As/getUpdates "HTTP/1.1 200 OK"
2025-05-15 23:15:29,088 [INFO] HTTP Request: POST https://api.telegram.org/bot7981928739:AAHbGX19La0FBCgJkRr9yjKFf3vTxWoB5As/getUpdates "HTTP/1.1 200 OK"
2025-05-15 23:15:39,568 [INFO] HTTP Request: POST https://api.telegram.org/bot7981928739:AAHbGX19La0FBCgJkRr9yjKFf3vTxWoB5As/getUpdates "HTTP/1.1 200 OK"
2025-05-15 23:15:49,737 [INFO] HTTP Request: POST https://api.telegram.org/bot7981928739:AAHbGX19La0FBCgJkRr9yjKFf3vTxWoB5As/getUpdates "HTTP/1.1 200 OK"
2025-05-15 23:15:59,887 [INFO] HTTP Request: POST https://api.telegram.org/bot7981928739:AAHbGX19La0FBCgJkRr9yjKFf3vTxWoB5As/getUpdates "HTTP/1.1 200 OK"
2025-05-15 23:16:10,036 [INFO] HTTP Request: POST https://api.telegram.org/bot7981928739:AAHbGX19La0FBCgJkRr9yjKFf3vTxWoB5As/getUpdates "HTTP/1.1 200 OK"
2025-05-15 23:16:20,525 [INFO] HTTP Request: POST https://api.telegram.org/bot7981928739:AAHbGX19La0FBCgJkRr9yjKFf3vTxWoB5As/getUpdates "HTTP/1.1 200 OK"
2025-05-15 23:16:30,725 [INFO] HTTP Request: POST https://api.telegram.org/bot7981928739:AAHbGX19La0FBCgJkRr9yjKFf3vTxWoB5As/getUpdates "HTTP/1.1 200 OK"
2025-05-15 23:16:40,895 [INFO] HTTP Request: POST https://api.telegram.org/bot7981928739:AAHbGX19La0FBCgJkRr9yjKFf3vTxWoB5As/getUpdates "HTTP/1.1 200 OK"
2025-05-15 23:16:51,057 [INFO] HTTP Request: POST https://api.telegram.org/bot7981928739:AAHbGX19La0FBCgJkRr9yjKFf3vTxWoB5As/getUpdates "HTTP/1.1 200 OK"
2025-05-15 23:17:01,486 [INFO] HTTP Request: POST https://api.telegram.org/bot7981928739:AAHbGX19La0FBCgJkRr9yjKFf3vTxWoB5As/getUpdates "HTTP/1.1 200 OK"
2025-05-15 23:17:11,739 [INFO] HTTP Request: POST https://api.telegram.org/bot7981928739:AAHbGX19La0FBCgJkRr9yjKFf3vTxWoB5As/getUpdates "HTTP/1.1 200 OK"
2025-05-15 23:17:21,926 [INFO] HTTP Request: POST https://api.telegram.org/bot7981928739:AAHbGX19La0FBCgJkRr9yjKFf3vTxWoB5As/getUpdates "HTTP/1.1 200 OK"
2025-05-15 23:17:32,095 [INFO] HTTP Request: POST https://api.telegram.org/bot7981928739:AAHbGX19La0FBCgJkRr9yjKFf3vTxWoB5As/getUpdates "HTTP/1.1 200 OK"
2025-05-15 23:17:42,450 [INFO] HTTP Request: POST https://api.telegram.org/bot7981928739:AAHbGX19La0FBCgJkRr9yjKFf3vTxWoB5As/getUpdates "HTTP/1.1 200 OK"
2025-05-15 23:17:52,684 [INFO] HTTP Request: POST https://api.telegram.org/bot7981928739:AAHbGX19La0FBCgJkRr9yjKFf3vTxWoB5As/getUpdates "HTTP/1.1 200 OK"
2025-05-15 23:18:02,852 [INFO] HTTP Request: POST https://api.telegram.org/bot7981928739:AAHbGX19La0FBCgJkRr9yjKFf3vTxWoB5As/getUpdates "HTTP/1.1 200 OK"
2025-05-15 23:18:13,026 [INFO] HTTP Request: POST https://api.telegram.org/bot7981928739:AAHbGX19La0FBCgJkRr9yjKFf3vTxWoB5As/getUpdates "HTTP/1.1 200 OK"
2025-05-15 23:18:23,191 [INFO] HTTP Request: POST https://api.telegram.org/bot7981928739:AAHbGX19La0FBCgJkRr9yjKFf3vTxWoB5As/getUpdates "HTTP/1.1 200 OK"
2025-05-15 23:18:34,127 [INFO] HTTP Request: POST https://api.telegram.org/bot7981928739:AAHbGX19La0FBCgJkRr9yjKFf3vTxWoB5As/getUpdates "HTTP/1.1 200 OK"
2025-05-15 23:18:44,325 [INFO] HTTP Request: POST https://api.telegram.org/bot7981928739:AAHbGX19La0FBCgJkRr9yjKFf3vTxWoB5As/getUpdates "HTTP/1.1 200 OK"
2025-05-15 23:18:54,486 [INFO] HTTP Request: POST https://api.telegram.org/bot7981928739:AAHbGX19La0FBCgJkRr9yjKFf3vTxWoB5As/getUpdates "HTTP/1.1 200 OK"
2025-05-15 23:19:04,773 [INFO] HTTP Request: POST https://api.telegram.org/bot7981928739:AAHbGX19La0FBCgJkRr9yjKFf3vTxWoB5As/getUpdates "HTTP/1.1 200 OK"
2025-05-15 23:19:15,227 [INFO] HTTP Request: POST https://api.telegram.org/bot7981928739:AAHbGX19La0FBCgJkRr9yjKFf3vTxWoB5As/getUpdates "HTTP/1.1 200 OK"
2025-05-15 23:19:25,405 [INFO] HTTP Request: POST https://api.telegram.org/bot7981928739:AAHbGX19La0FBCgJkRr9yjKFf3vTxWoB5As/getUpdates "HTTP/1.1 200 OK"
2025-05-15 23:19:35,622 [INFO] HTTP Request: POST https://api.telegram.org/bot7981928739:AAHbGX19La0FBCgJkRr9yjKFf3vTxWoB5As/getUpdates "HTTP/1.1 200 OK"
2025-05-15 23:19:45,946 [INFO] HTTP Request: POST https://api.telegram.org/bot7981928739:AAHbGX19La0FBCgJkRr9yjKFf3vTxWoB5As/getUpdates "HTTP/1.1 200 OK"
2025-05-15 23:19:56,165 [INFO] HTTP Request: POST https://api.telegram.org/bot7981928739:AAHbGX19La0FBCgJkRr9yjKFf3vTxWoB5As/getUpdates "HTTP/1.1 200 OK"
2025-05-15 23:20:06,322 [INFO] HTTP Request: POST https://api.telegram.org/bot7981928739:AAHbGX19La0FBCgJkRr9yjKFf3vTxWoB5As/getUpdates "HTTP/1.1 200 OK"
2025-05-15 23:20:16,484 [INFO] HTTP Request: POST https://api.telegram.org/bot7981928739:AAHbGX19La0FBCgJkRr9yjKFf3vTxWoB5As/getUpdates "HTTP/1.1 200 OK"
2025-05-15 23:20:26,906 [INFO] HTTP Request: POST https://api.telegram.org/bot7981928739:AAHbGX19La0FBCgJkRr9yjKFf3vTxWoB5As/getUpdates "HTTP/1.1 200 OK"
2025-05-15 23:20:37,145 [INFO] HTTP Request: POST https://api.telegram.org/bot7981928739:AAHbGX19La0FBCgJkRr9yjKFf3vTxWoB5As/getUpdates "HTTP/1.1 200 OK"
2025-05-15 23:20:47,386 [INFO] HTTP Request: POST https://api.telegram.org/bot7981928739:AAHbGX19La0FBCgJkRr9yjKFf3vTxWoB5As/getUpdates "HTTP/1.1 200 OK"
2025-05-15 23:20:57,625 [INFO] HTTP Request: POST https://api.telegram.org/bot7981928739:AAHbGX19La0FBCgJkRr9yjKFf3vTxWoB5As/getUpdates "HTTP/1.1 200 OK"
2025-05-15 23:21:07,859 [INFO] HTTP Request: POST https://api.telegram.org/bot7981928739:AAHbGX19La0FBCgJkRr9yjKFf3vTxWoB5As/getUpdates "HTTP/1.1 200 OK"
2025-05-15 23:21:18,087 [INFO] HTTP Request: POST https://api.telegram.org/bot7981928739:AAHbGX19La0FBCgJkRr9yjKFf3vTxWoB5As/getUpdates "HTTP/1.1 200 OK"
2025-05-15 23:21:28,347 [INFO] HTTP Request: POST https://api.telegram.org/bot7981928739:AAHbGX19La0FBCgJkRr9yjKFf3vTxWoB5As/getUpdates "HTTP/1.1 200 OK"
2025-05-15 23:21:38,511 [INFO] HTTP Request: POST https://api.telegram.org/bot7981928739:AAHbGX19La0FBCgJkRr9yjKFf3vTxWoB5As/getUpdates "HTTP/1.1 200 OK"
2025-05-15 23:21:48,805 [INFO] HTTP Request: POST https://api.telegram.org/bot7981928739:AAHbGX19La0FBCgJkRr9yjKFf3vTxWoB5As/getUpdates "HTTP/1.1 200 OK"
2025-05-15 23:21:58,963 [INFO] HTTP Request: POST https://api.telegram.org/bot7981928739:AAHbGX19La0FBCgJkRr9yjKFf3vTxWoB5As/getUpdates "HTTP/1.1 200 OK"
2025-05-15 23:22:09,133 [INFO] HTTP Request: POST https://api.telegram.org/bot7981928739:AAHbGX19La0FBCgJkRr9yjKFf3vTxWoB5As/getUpdates "HTTP/1.1 200 OK"
2025-05-15 23:22:19,543 [INFO] HTTP Request: POST https://api.telegram.org/bot7981928739:AAHbGX19La0FBCgJkRr9yjKFf3vTxWoB5As/getUpdates "HTTP/1.1 200 OK"
2025-05-15 23:22:29,785 [INFO] HTTP Request: POST https://api.telegram.org/bot7981928739:AAHbGX19La0FBCgJkRr9yjKFf3vTxWoB5As/getUpdates "HTTP/1.1 200 OK"
2025-05-15 23:22:39,948 [INFO] HTTP Request: POST https://api.telegram.org/bot7981928739:AAHbGX19La0FBCgJkRr9yjKFf3vTxWoB5As/getUpdates "HTTP/1.1 200 OK"
2025-05-15 23:22:50,263 [INFO] HTTP Request: POST https://api.telegram.org/bot7981928739:AAHbGX19La0FBCgJkRr9yjKFf3vTxWoB5As/getUpdates "HTTP/1.1 200 OK"
2025-05-15 23:23:00,502 [INFO] HTTP Request: POST https://api.telegram.org/bot7981928739:AAHbGX19La0FBCgJkRr9yjKFf3vTxWoB5As/getUpdates "HTTP/1.1 200 OK"
2025-05-15 23:23:10,738 [INFO] HTTP Request: POST https://api.telegram.org/bot7981928739:AAHbGX19La0FBCgJkRr9yjKFf3vTxWoB5As/getUpdates "HTTP/1.1 200 OK"
2025-05-15 23:23:20,964 [INFO] HTTP Request: POST https://api.telegram.org/bot7981928739:AAHbGX19La0FBCgJkRr9yjKFf3vTxWoB5As/getUpdates "HTTP/1.1 200 OK"
2025-05-15 23:23:31,289 [INFO] HTTP Request: POST https://api.telegram.org/bot7981928739:AAHbGX19La0FBCgJkRr9yjKFf3vTxWoB5As/getUpdates "HTTP/1.1 200 OK"
2025-05-15 23:23:41,462 [INFO] HTTP Request: POST https://api.telegram.org/bot7981928739:AAHbGX19La0FBCgJkRr9yjKFf3vTxWoB5As/getUpdates "HTTP/1.1 200 OK"
2025-05-15 23:23:51,701 [INFO] HTTP Request: POST https://api.telegram.org/bot7981928739:AAHbGX19La0FBCgJkRr9yjKFf3vTxWoB5As/getUpdates "HTTP/1.1 200 OK"
2025-05-15 23:24:01,941 [INFO] HTTP Request: POST https://api.telegram.org/bot7981928739:AAHbGX19La0FBCgJkRr9yjKFf3vTxWoB5As/getUpdates "HTTP/1.1 200 OK"
2025-05-15 23:24:12,108 [INFO] HTTP Request: POST https://api.telegram.org/bot7981928739:AAHbGX19La0FBCgJkRr9yjKFf3vTxWoB5As/getUpdates "HTTP/1.1 200 OK"
2025-05-15 23:24:22,402 [INFO] HTTP Request: POST https://api.telegram.org/bot7981928739:AAHbGX19La0FBCgJkRr9yjKFf3vTxWoB5As/getUpdates "HTTP/1.1 200 OK"
2025-05-15 23:24:32,787 [INFO] HTTP Request: POST https://api.telegram.org/bot7981928739:AAHbGX19La0FBCgJkRr9yjKFf3vTxWoB5As/getUpdates "HTTP/1.1 200 OK"
2025-05-15 23:24:42,963 [INFO] HTTP Request: POST https://api.telegram.org/bot7981928739:AAHbGX19La0FBCgJkRr9yjKFf3vTxWoB5As/getUpdates "HTTP/1.1 200 OK"
2025-05-15 23:24:53,128 [INFO] HTTP Request: POST https://api.telegram.org/bot7981928739:AAHbGX19La0FBCgJkRr9yjKFf3vTxWoB5As/getUpdates "HTTP/1.1 200 OK"
2025-05-15 23:25:03,387 [INFO] HTTP Request: POST https://api.telegram.org/bot7981928739:AAHbGX19La0FBCgJkRr9yjKFf3vTxWoB5As/getUpdates "HTTP/1.1 200 OK"
2025-05-15 23:25:13,539 [INFO] HTTP Request: POST https://api.telegram.org/bot7981928739:AAHbGX19La0FBCgJkRr9yjKFf3vTxWoB5As/getUpdates "HTTP/1.1 200 OK"
2025-05-15 23:25:23,722 [INFO] HTTP Request: POST https://api.telegram.org/bot7981928739:AAHbGX19La0FBCgJkRr9yjKFf3vTxWoB5As/getUpdates "HTTP/1.1 200 OK"
2025-05-15 23:25:33,970 [INFO] HTTP Request: POST https://api.telegram.org/bot7981928739:AAHbGX19La0FBCgJkRr9yjKFf3vTxWoB5As/getUpdates "HTTP/1.1 200 OK"
2025-05-15 23:25:44,167 [INFO] HTTP Request: POST https://api.telegram.org/bot7981928739:AAHbGX19La0FBCgJkRr9yjKFf3vTxWoB5As/getUpdates "HTTP/1.1 200 OK"
2025-05-15 23:25:54,324 [INFO] HTTP Request: POST https://api.telegram.org/bot7981928739:AAHbGX19La0FBCgJkRr9yjKFf3vTxWoB5As/getUpdates "HTTP/1.1 200 OK"
2025-05-15 23:26:04,484 [INFO] HTTP Request: POST https://api.telegram.org/bot7981928739:AAHbGX19La0FBCgJkRr9yjKFf3vTxWoB5As/getUpdates "HTTP/1.1 200 OK"
2025-05-15 23:26:41,077 [INFO] HTTP Request: POST https://api.telegram.org/bot7981928739:AAHbGX19La0FBCgJkRr9yjKFf3vTxWoB5As/getUpdates "HTTP/1.1 200 OK"
2025-05-15 23:26:51,254 [INFO] HTTP Request: POST https://api.telegram.org/bot7981928739:AAHbGX19La0FBCgJkRr9yjKFf3vTxWoB5As/getUpdates "HTTP/1.1 200 OK"
2025-05-15 23:27:01,546 [INFO] HTTP Request: POST https://api.telegram.org/bot7981928739:AAHbGX19La0FBCgJkRr9yjKFf3vTxWoB5As/getUpdates "HTTP/1.1 200 OK"
2025-05-15 23:27:11,912 [INFO] HTTP Request: POST https://api.telegram.org/bot7981928739:AAHbGX19La0FBCgJkRr9yjKFf3vTxWoB5As/getUpdates "HTTP/1.1 200 OK"
2025-05-15 23:27:25,406 [INFO] HTTP Request: POST https://api.telegram.org/bot7981928739:AAHbGX19La0FBCgJkRr9yjKFf3vTxWoB5As/getUpdates "HTTP/1.1 200 OK"
2025-05-15 23:27:53,447 [INFO] HTTP Request: POST https://api.telegram.org/bot7981928739:AAHbGX19La0FBCgJkRr9yjKFf3vTxWoB5As/getUpdates "HTTP/1.1 200 OK"
2025-05-15 23:28:04,008 [INFO] HTTP Request: POST https://api.telegram.org/bot7981928739:AAHbGX19La0FBCgJkRr9yjKFf3vTxWoB5As/getUpdates "HTTP/1.1 200 OK"
2025-05-15 23:28:14,228 [INFO] HTTP Request: POST https://api.telegram.org/bot7981928739:AAHbGX19La0FBCgJkRr9yjKFf3vTxWoB5As/getUpdates "HTTP/1.1 200 OK"
2025-05-15 23:28:24,807 [INFO] HTTP Request: POST https://api.telegram.org/bot7981928739:AAHbGX19La0FBCgJkRr9yjKFf3vTxWoB5As/getUpdates "HTTP/1.1 200 OK"
2025-05-15 23:28:35,013 [INFO] HTTP Request: POST https://api.telegram.org/bot7981928739:AAHbGX19La0FBCgJkRr9yjKFf3vTxWoB5As/getUpdates "HTTP/1.1 200 OK"
2025-05-15 23:28:46,762 [INFO] HTTP Request: POST https://api.telegram.org/bot7981928739:AAHbGX19La0FBCgJkRr9yjKFf3vTxWoB5As/getUpdates "HTTP/1.1 200 OK"
2025-05-15 23:28:58,723 [INFO] HTTP Request: POST https://api.telegram.org/bot7981928739:AAHbGX19La0FBCgJkRr9yjKFf3vTxWoB5As/getUpdates "HTTP/1.1 200 OK"
2025-05-15 23:29:09,138 [INFO] HTTP Request: POST https://api.telegram.org/bot7981928739:AAHbGX19La0FBCgJkRr9yjKFf3vTxWoB5As/getUpdates "HTTP/1.1 200 OK"
2025-05-15 23:29:19,580 [INFO] HTTP Request: POST https://api.telegram.org/bot7981928739:AAHbGX19La0FBCgJkRr9yjKFf3vTxWoB5As/getUpdates "HTTP/1.1 200 OK"
2025-05-15 23:29:29,922 [INFO] HTTP Request: POST https://api.telegram.org/bot7981928739:AAHbGX19La0FBCgJkRr9yjKFf3vTxWoB5As/getUpdates "HTTP/1.1 200 OK"
2025-05-15 23:29:40,272 [INFO] HTTP Request: POST https://api.telegram.org/bot7981928739:AAHbGX19La0FBCgJkRr9yjKFf3vTxWoB5As/getUpdates "HTTP/1.1 200 OK"
2025-05-15 23:29:50,709 [INFO] HTTP Request: POST https://api.telegram.org/bot7981928739:AAHbGX19La0FBCgJkRr9yjKFf3vTxWoB5As/getUpdates "HTTP/1.1 200 OK"
2025-05-15 23:30:00,963 [INFO] HTTP Request: POST https://api.telegram.org/bot7981928739:AAHbGX19La0FBCgJkRr9yjKFf3vTxWoB5As/getUpdates "HTTP/1.1 200 OK"
2025-05-15 23:30:11,369 [INFO] HTTP Request: POST https://api.telegram.org/bot7981928739:AAHbGX19La0FBCgJkRr9yjKFf3vTxWoB5As/getUpdates "HTTP/1.1 200 OK"
2025-05-15 23:30:23,769 [INFO] HTTP Request: POST https://api.telegram.org/bot7981928739:AAHbGX19La0FBCgJkRr9yjKFf3vTxWoB5As/getUpdates "HTTP/1.1 200 OK"
2025-05-15 23:30:34,362 [INFO] HTTP Request: POST https://api.telegram.org/bot7981928739:AAHbGX19La0FBCgJkRr9yjKFf3vTxWoB5As/getUpdates "HTTP/1.1 200 OK"
2025-05-15 23:30:47,939 [INFO] HTTP Request: POST https://api.telegram.org/bot7981928739:AAHbGX19La0FBCgJkRr9yjKFf3vTxWoB5As/getUpdates "HTTP/1.1 200 OK"
2025-05-15 23:30:58,281 [INFO] HTTP Request: POST https://api.telegram.org/bot7981928739:AAHbGX19La0FBCgJkRr9yjKFf3vTxWoB5As/getUpdates "HTTP/1.1 200 OK"
2025-05-15 23:31:08,520 [INFO] HTTP Request: POST https://api.telegram.org/bot7981928739:AAHbGX19La0FBCgJkRr9yjKFf3vTxWoB5As/getUpdates "HTTP/1.1 200 OK"
2025-05-15 23:31:20,783 [INFO] HTTP Request: POST https://api.telegram.org/bot7981928739:AAHbGX19La0FBCgJkRr9yjKFf3vTxWoB5As/getUpdates "HTTP/1.1 200 OK"
2025-05-15 23:31:30,960 [INFO] HTTP Request: POST https://api.telegram.org/bot7981928739:AAHbGX19La0FBCgJkRr9yjKFf3vTxWoB5As/getUpdates "HTTP/1.1 200 OK"
2025-05-15 23:31:41,603 [INFO] HTTP Request: POST https://api.telegram.org/bot7981928739:AAHbGX19La0FBCgJkRr9yjKFf3vTxWoB5As/getUpdates "HTTP/1.1 200 OK"
2025-05-15 23:31:52,154 [INFO] HTTP Request: POST https://api.telegram.org/bot7981928739:AAHbGX19La0FBCgJkRr9yjKFf3vTxWoB5As/getUpdates "HTTP/1.1 200 OK"
2025-05-15 23:32:02,612 [INFO] HTTP Request: POST https://api.telegram.org/bot7981928739:AAHbGX19La0FBCgJkRr9yjKFf3vTxWoB5As/getUpdates "HTTP/1.1 200 OK"
2025-05-15 23:32:14,609 [INFO] HTTP Request: POST https://api.telegram.org/bot7981928739:AAHbGX19La0FBCgJkRr9yjKFf3vTxWoB5As/getUpdates "HTTP/1.1 200 OK"
2025-05-15 23:32:26,689 [INFO] HTTP Request: POST https://api.telegram.org/bot7981928739:AAHbGX19La0FBCgJkRr9yjKFf3vTxWoB5As/getUpdates "HTTP/1.1 200 OK"
2025-05-15 23:32:37,006 [INFO] HTTP Request: POST https://api.telegram.org/bot7981928739:AAHbGX19La0FBCgJkRr9yjKFf3vTxWoB5As/getUpdates "HTTP/1.1 200 OK"
2025-05-15 23:32:47,201 [INFO] HTTP Request: POST https://api.telegram.org/bot7981928739:AAHbGX19La0FBCgJkRr9yjKFf3vTxWoB5As/getUpdates "HTTP/1.1 200 OK"
2025-05-15 23:32:57,999 [INFO] HTTP Request: POST https://api.telegram.org/bot7981928739:AAHbGX19La0FBCgJkRr9yjKFf3vTxWoB5As/getUpdates "HTTP/1.1 200 OK"
2025-05-15 23:33:08,236 [INFO] HTTP Request: POST https://api.telegram.org/bot7981928739:AAHbGX19La0FBCgJkRr9yjKFf3vTxWoB5As/getUpdates "HTTP/1.1 200 OK"
2025-05-15 23:33:18,442 [INFO] HTTP Request: POST https://api.telegram.org/bot7981928739:AAHbGX19La0FBCgJkRr9yjKFf3vTxWoB5As/getUpdates "HTTP/1.1 200 OK"
2025-05-15 23:33:28,615 [INFO] HTTP Request: POST https://api.telegram.org/bot7981928739:AAHbGX19La0FBCgJkRr9yjKFf3vTxWoB5As/getUpdates "HTTP/1.1 200 OK"
2025-05-15 23:33:38,771 [INFO] HTTP Request: POST https://api.telegram.org/bot7981928739:AAHbGX19La0FBCgJkRr9yjKFf3vTxWoB5As/getUpdates "HTTP/1.1 200 OK"
2025-05-15 23:33:48,960 [INFO] HTTP Request: POST https://api.telegram.org/bot7981928739:AAHbGX19La0FBCgJkRr9yjKFf3vTxWoB5As/getUpdates "HTTP/1.1 200 OK"
2025-05-15 23:33:59,122 [INFO] HTTP Request: POST https://api.telegram.org/bot7981928739:AAHbGX19La0FBCgJkRr9yjKFf3vTxWoB5As/getUpdates "HTTP/1.1 200 OK"
2025-05-15 23:34:09,318 [INFO] HTTP Request: POST https://api.telegram.org/bot7981928739:AAHbGX19La0FBCgJkRr9yjKFf3vTxWoB5As/getUpdates "HTTP/1.1 200 OK"
2025-05-15 23:34:19,609 [INFO] HTTP Request: POST https://api.telegram.org/bot7981928739:AAHbGX19La0FBCgJkRr9yjKFf3vTxWoB5As/getUpdates "HTTP/1.1 200 OK"
2025-05-15 23:34:30,118 [INFO] HTTP Request: POST https://api.telegram.org/bot7981928739:AAHbGX19La0FBCgJkRr9yjKFf3vTxWoB5As/getUpdates "HTTP/1.1 200 OK"
2025-05-15 23:34:40,331 [INFO] HTTP Request: POST https://api.telegram.org/bot7981928739:AAHbGX19La0FBCgJkRr9yjKFf3vTxWoB5As/getUpdates "HTTP/1.1 200 OK"
2025-05-15 23:34:50,740 [INFO] HTTP Request: POST https://api.telegram.org/bot7981928739:AAHbGX19La0FBCgJkRr9yjKFf3vTxWoB5As/getUpdates "HTTP/1.1 200 OK"
2025-05-15 23:35:00,979 [INFO] HTTP Request: POST https://api.telegram.org/bot7981928739:AAHbGX19La0FBCgJkRr9yjKFf3vTxWoB5As/getUpdates "HTTP/1.1 200 OK"
2025-05-15 23:35:11,205 [INFO] HTTP Request: POST https://api.telegram.org/bot7981928739:AAHbGX19La0FBCgJkRr9yjKFf3vTxWoB5As/getUpdates "HTTP/1.1 200 OK"
2025-05-15 23:35:21,458 [INFO] HTTP Request: POST https://api.telegram.org/bot7981928739:AAHbGX19La0FBCgJkRr9yjKFf3vTxWoB5As/getUpdates "HTTP/1.1 200 OK"
2025-05-15 23:35:31,683 [INFO] HTTP Request: POST https://api.telegram.org/bot7981928739:AAHbGX19La0FBCgJkRr9yjKFf3vTxWoB5As/getUpdates "HTTP/1.1 200 OK"
2025-05-15 23:35:41,920 [INFO] HTTP Request: POST https://api.telegram.org/bot7981928739:AAHbGX19La0FBCgJkRr9yjKFf3vTxWoB5As/getUpdates "HTTP/1.1 200 OK"
2025-05-15 23:35:52,120 [INFO] HTTP Request: POST https://api.telegram.org/bot7981928739:AAHbGX19La0FBCgJkRr9yjKFf3vTxWoB5As/getUpdates "HTTP/1.1 200 OK"
2025-05-15 23:36:02,295 [INFO] HTTP Request: POST https://api.telegram.org/bot7981928739:AAHbGX19La0FBCgJkRr9yjKFf3vTxWoB5As/getUpdates "HTTP/1.1 200 OK"
2025-05-15 23:36:12,486 [INFO] HTTP Request: POST https://api.telegram.org/bot7981928739:AAHbGX19La0FBCgJkRr9yjKFf3vTxWoB5As/getUpdates "HTTP/1.1 200 OK"
2025-05-15 23:36:22,767 [INFO] HTTP Request: POST https://api.telegram.org/bot7981928739:AAHbGX19La0FBCgJkRr9yjKFf3vTxWoB5As/getUpdates "HTTP/1.1 200 OK"
2025-05-15 23:36:32,970 [INFO] HTTP Request: POST https://api.telegram.org/bot7981928739:AAHbGX19La0FBCgJkRr9yjKFf3vTxWoB5As/getUpdates "HTTP/1.1 200 OK"
2025-05-15 23:36:43,540 [INFO] HTTP Request: POST https://api.telegram.org/bot7981928739:AAHbGX19La0FBCgJkRr9yjKFf3vTxWoB5As/getUpdates "HTTP/1.1 200 OK"
2025-05-15 23:36:53,823 [INFO] HTTP Request: POST https://api.telegram.org/bot7981928739:AAHbGX19La0FBCgJkRr9yjKFf3vTxWoB5As/getUpdates "HTTP/1.1 200 OK"
2025-05-15 23:37:04,007 [INFO] HTTP Request: POST https://api.telegram.org/bot7981928739:AAHbGX19La0FBCgJkRr9yjKFf3vTxWoB5As/getUpdates "HTTP/1.1 200 OK"
2025-05-15 23:37:14,608 [INFO] HTTP Request: POST https://api.telegram.org/bot7981928739:AAHbGX19La0FBCgJkRr9yjKFf3vTxWoB5As/getUpdates "HTTP/1.1 200 OK"
2025-05-15 23:37:25,157 [INFO] HTTP Request: POST https://api.telegram.org/bot7981928739:AAHbGX19La0FBCgJkRr9yjKFf3vTxWoB5As/getUpdates "HTTP/1.1 200 OK"
2025-05-15 23:37:35,526 [INFO] HTTP Request: POST https://api.telegram.org/bot7981928739:AAHbGX19La0FBCgJkRr9yjKFf3vTxWoB5As/getUpdates "HTTP/1.1 200 OK"
2025-05-15 23:37:45,841 [INFO] HTTP Request: POST https://api.telegram.org/bot7981928739:AAHbGX19La0FBCgJkRr9yjKFf3vTxWoB5As/getUpdates "HTTP/1.1 200 OK"
2025-05-15 23:37:56,696 [INFO] HTTP Request: POST https://api.telegram.org/bot7981928739:AAHbGX19La0FBCgJkRr9yjKFf3vTxWoB5As/getUpdates "HTTP/1.1 200 OK"
2025-05-15 23:38:06,936 [INFO] HTTP Request: POST https://api.telegram.org/bot7981928739:AAHbGX19La0FBCgJkRr9yjKFf3vTxWoB5As/getUpdates "HTTP/1.1 200 OK"
2025-05-15 23:38:17,324 [INFO] HTTP Request: POST https://api.telegram.org/bot7981928739:AAHbGX19La0FBCgJkRr9yjKFf3vTxWoB5As/getUpdates "HTTP/1.1 200 OK"
2025-05-15 23:38:27,520 [INFO] HTTP Request: POST https://api.telegram.org/bot7981928739:AAHbGX19La0FBCgJkRr9yjKFf3vTxWoB5As/getUpdates "HTTP/1.1 200 OK"
2025-05-15 23:38:37,831 [INFO] HTTP Request: POST https://api.telegram.org/bot7981928739:AAHbGX19La0FBCgJkRr9yjKFf3vTxWoB5As/getUpdates "HTTP/1.1 200 OK"
2025-05-15 23:38:48,114 [INFO] HTTP Request: POST https://api.telegram.org/bot7981928739:AAHbGX19La0FBCgJkRr9yjKFf3vTxWoB5As/getUpdates "HTTP/1.1 200 OK"
2025-05-15 23:38:58,556 [INFO] HTTP Request: POST https://api.telegram.org/bot7981928739:AAHbGX19La0FBCgJkRr9yjKFf3vTxWoB5As/getUpdates "HTTP/1.1 200 OK"
2025-05-15 23:39:08,990 [INFO] HTTP Request: POST https://api.telegram.org/bot7981928739:AAHbGX19La0FBCgJkRr9yjKFf3vTxWoB5As/getUpdates "HTTP/1.1 200 OK"
2025-05-15 23:39:19,228 [INFO] HTTP Request: POST https://api.telegram.org/bot7981928739:AAHbGX19La0FBCgJkRr9yjKFf3vTxWoB5As/getUpdates "HTTP/1.1 200 OK"
2025-05-15 23:39:29,472 [INFO] HTTP Request: POST https://api.telegram.org/bot7981928739:AAHbGX19La0FBCgJkRr9yjKFf3vTxWoB5As/getUpdates "HTTP/1.1 200 OK"
2025-05-15 23:39:39,710 [INFO] HTTP Request: POST https://api.telegram.org/bot7981928739:AAHbGX19La0FBCgJkRr9yjKFf3vTxWoB5As/getUpdates "HTTP/1.1 200 OK"
2025-05-15 23:39:49,923 [INFO] HTTP Request: POST https://api.telegram.org/bot7981928739:AAHbGX19La0FBCgJkRr9yjKFf3vTxWoB5As/getUpdates "HTTP/1.1 200 OK"
2025-05-15 23:40:00,956 [INFO] HTTP Request: POST https://api.telegram.org/bot7981928739:AAHbGX19La0FBCgJkRr9yjKFf3vTxWoB5As/getUpdates "HTTP/1.1 200 OK"
2025-05-15 23:40:13,641 [INFO] HTTP Request: POST https://api.telegram.org/bot7981928739:AAHbGX19La0FBCgJkRr9yjKFf3vTxWoB5As/getUpdates "HTTP/1.1 200 OK"
2025-05-15 23:40:23,927 [INFO] HTTP Request: POST https://api.telegram.org/bot7981928739:AAHbGX19La0FBCgJkRr9yjKFf3vTxWoB5As/getUpdates "HTTP/1.1 200 OK"
2025-05-15 23:40:34,899 [INFO] HTTP Request: POST https://api.telegram.org/bot7981928739:AAHbGX19La0FBCgJkRr9yjKFf3vTxWoB5As/getUpdates "HTTP/1.1 200 OK"
2025-05-15 23:40:45,367 [INFO] HTTP Request: POST https://api.telegram.org/bot7981928739:AAHbGX19La0FBCgJkRr9yjKFf3vTxWoB5As/getUpdates "HTTP/1.1 200 OK"
2025-05-15 23:40:58,843 [INFO] HTTP Request: POST https://api.telegram.org/bot7981928739:AAHbGX19La0FBCgJkRr9yjKFf3vTxWoB5As/getUpdates "HTTP/1.1 200 OK"
2025-05-15 23:41:09,044 [INFO] HTTP Request: POST https://api.telegram.org/bot7981928739:AAHbGX19La0FBCgJkRr9yjKFf3vTxWoB5As/getUpdates "HTTP/1.1 200 OK"
2025-05-15 23:41:48,300 [INFO] HTTP Request: POST https://api.telegram.org/bot7981928739:AAHbGX19La0FBCgJkRr9yjKFf3vTxWoB5As/getUpdates "HTTP/1.1 200 OK"
2025-05-15 23:41:58,557 [INFO] HTTP Request: POST https://api.telegram.org/bot7981928739:AAHbGX19La0FBCgJkRr9yjKFf3vTxWoB5As/getUpdates "HTTP/1.1 200 OK"
2025-05-15 23:42:08,837 [INFO] HTTP Request: POST https://api.telegram.org/bot7981928739:AAHbGX19La0FBCgJkRr9yjKFf3vTxWoB5As/getUpdates "HTTP/1.1 200 OK"
2025-05-15 23:42:19,133 [INFO] HTTP Request: POST https://api.telegram.org/bot7981928739:AAHbGX19La0FBCgJkRr9yjKFf3vTxWoB5As/getUpdates "HTTP/1.1 200 OK"
2025-05-15 23:42:29,674 [INFO] HTTP Request: POST https://api.telegram.org/bot7981928739:AAHbGX19La0FBCgJkRr9yjKFf3vTxWoB5As/getUpdates "HTTP/1.1 200 OK"
2025-05-15 23:42:41,534 [INFO] HTTP Request: POST https://api.telegram.org/bot7981928739:AAHbGX19La0FBCgJkRr9yjKFf3vTxWoB5As/getUpdates "HTTP/1.1 200 OK"
2025-05-15 23:42:52,475 [INFO] HTTP Request: POST https://api.telegram.org/bot7981928739:AAHbGX19La0FBCgJkRr9yjKFf3vTxWoB5As/getUpdates "HTTP/1.1 200 OK"
2025-05-15 23:43:04,509 [INFO] HTTP Request: POST https://api.telegram.org/bot7981928739:AAHbGX19La0FBCgJkRr9yjKFf3vTxWoB5As/getUpdates "HTTP/1.1 200 OK"
2025-05-15 23:43:14,691 [INFO] HTTP Request: POST https://api.telegram.org/bot7981928739:AAHbGX19La0FBCgJkRr9yjKFf3vTxWoB5As/getUpdates "HTTP/1.1 200 OK"
2025-05-15 23:43:24,912 [INFO] HTTP Request: POST https://api.telegram.org/bot7981928739:AAHbGX19La0FBCgJkRr9yjKFf3vTxWoB5As/getUpdates "HTTP/1.1 200 OK"
2025-05-15 23:43:35,080 [INFO] HTTP Request: POST https://api.telegram.org/bot7981928739:AAHbGX19La0FBCgJkRr9yjKFf3vTxWoB5As/getUpdates "HTTP/1.1 200 OK"
2025-05-15 23:43:45,682 [INFO] HTTP Request: POST https://api.telegram.org/bot7981928739:AAHbGX19La0FBCgJkRr9yjKFf3vTxWoB5As/getUpdates "HTTP/1.1 200 OK"
2025-05-15 23:43:55,997 [INFO] HTTP Request: POST https://api.telegram.org/bot7981928739:AAHbGX19La0FBCgJkRr9yjKFf3vTxWoB5As/getUpdates "HTTP/1.1 200 OK"
2025-05-15 23:44:06,249 [INFO] HTTP Request: POST https://api.telegram.org/bot7981928739:AAHbGX19La0FBCgJkRr9yjKFf3vTxWoB5As/getUpdates "HTTP/1.1 200 OK"
2025-05-15 23:44:16,803 [INFO] HTTP Request: POST https://api.telegram.org/bot7981928739:AAHbGX19La0FBCgJkRr9yjKFf3vTxWoB5As/getUpdates "HTTP/1.1 200 OK"
2025-05-15 23:44:27,251 [INFO] HTTP Request: POST https://api.telegram.org/bot7981928739:AAHbGX19La0FBCgJkRr9yjKFf3vTxWoB5As/getUpdates "HTTP/1.1 200 OK"
2025-05-15 23:44:37,594 [INFO] HTTP Request: POST https://api.telegram.org/bot7981928739:AAHbGX19La0FBCgJkRr9yjKFf3vTxWoB5As/getUpdates "HTTP/1.1 200 OK"
2025-05-15 23:44:47,932 [INFO] HTTP Request: POST https://api.telegram.org/bot7981928739:AAHbGX19La0FBCgJkRr9yjKFf3vTxWoB5As/getUpdates "HTTP/1.1 200 OK"
2025-05-15 23:44:58,330 [INFO] HTTP Request: POST https://api.telegram.org/bot7981928739:AAHbGX19La0FBCgJkRr9yjKFf3vTxWoB5As/getUpdates "HTTP/1.1 200 OK"
2025-05-15 23:45:08,568 [INFO] HTTP Request: POST https://api.telegram.org/bot7981928739:AAHbGX19La0FBCgJkRr9yjKFf3vTxWoB5As/getUpdates "HTTP/1.1 200 OK"
2025-05-15 23:45:34,394 [INFO] HTTP Request: POST https://api.telegram.org/bot7981928739:AAHbGX19La0FBCgJkRr9yjKFf3vTxWoB5As/getUpdates "HTTP/1.1 200 OK"
2025-05-15 23:45:44,636 [INFO] HTTP Request: POST https://api.telegram.org/bot7981928739:AAHbGX19La0FBCgJkRr9yjKFf3vTxWoB5As/getUpdates "HTTP/1.1 200 OK"
2025-05-15 23:45:54,874 [INFO] HTTP Request: POST https://api.telegram.org/bot7981928739:AAHbGX19La0FBCgJkRr9yjKFf3vTxWoB5As/getUpdates "HTTP/1.1 200 OK"
2025-05-15 23:46:05,140 [INFO] HTTP Request: POST https://api.telegram.org/bot7981928739:AAHbGX19La0FBCgJkRr9yjKFf3vTxWoB5As/getUpdates "HTTP/1.1 200 OK"
2025-05-15 23:46:15,325 [INFO] HTTP Request: POST https://api.telegram.org/bot7981928739:AAHbGX19La0FBCgJkRr9yjKFf3vTxWoB5As/getUpdates "HTTP/1.1 200 OK"
2025-05-15 23:46:25,721 [INFO] HTTP Request: POST https://api.telegram.org/bot7981928739:AAHbGX19La0FBCgJkRr9yjKFf3vTxWoB5As/getUpdates "HTTP/1.1 200 OK"
2025-05-15 23:46:35,878 [INFO] HTTP Request: POST https://api.telegram.org/bot7981928739:AAHbGX19La0FBCgJkRr9yjKFf3vTxWoB5As/getUpdates "HTTP/1.1 200 OK"
2025-05-15 23:46:46,075 [INFO] HTTP Request: POST https://api.telegram.org/bot7981928739:AAHbGX19La0FBCgJkRr9yjKFf3vTxWoB5As/getUpdates "HTTP/1.1 200 OK"
2025-05-15 23:46:56,244 [INFO] HTTP Request: POST https://api.telegram.org/bot7981928739:AAHbGX19La0FBCgJkRr9yjKFf3vTxWoB5As/getUpdates "HTTP/1.1 200 OK"
2025-05-15 23:47:06,718 [INFO] HTTP Request: POST https://api.telegram.org/bot7981928739:AAHbGX19La0FBCgJkRr9yjKFf3vTxWoB5As/getUpdates "HTTP/1.1 200 OK"
2025-05-15 23:47:16,889 [INFO] HTTP Request: POST https://api.telegram.org/bot7981928739:AAHbGX19La0FBCgJkRr9yjKFf3vTxWoB5As/getUpdates "HTTP/1.1 200 OK"
2025-05-15 23:47:27,266 [INFO] HTTP Request: POST https://api.telegram.org/bot7981928739:AAHbGX19La0FBCgJkRr9yjKFf3vTxWoB5As/getUpdates "HTTP/1.1 200 OK"
2025-05-15 23:47:37,592 [INFO] HTTP Request: POST https://api.telegram.org/bot7981928739:AAHbGX19La0FBCgJkRr9yjKFf3vTxWoB5As/getUpdates "HTTP/1.1 200 OK"
2025-05-15 23:47:47,758 [INFO] HTTP Request: POST https://api.telegram.org/bot7981928739:AAHbGX19La0FBCgJkRr9yjKFf3vTxWoB5As/getUpdates "HTTP/1.1 200 OK"
2025-05-15 23:47:58,189 [INFO] HTTP Request: POST https://api.telegram.org/bot7981928739:AAHbGX19La0FBCgJkRr9yjKFf3vTxWoB5As/getUpdates "HTTP/1.1 200 OK"
2025-05-15 23:48:08,636 [INFO] HTTP Request: POST https://api.telegram.org/bot7981928739:AAHbGX19La0FBCgJkRr9yjKFf3vTxWoB5As/getUpdates "HTTP/1.1 200 OK"
2025-05-15 23:48:18,832 [INFO] HTTP Request: POST https://api.telegram.org/bot7981928739:AAHbGX19La0FBCgJkRr9yjKFf3vTxWoB5As/getUpdates "HTTP/1.1 200 OK"
2025-05-15 23:48:29,319 [INFO] HTTP Request: POST https://api.telegram.org/bot7981928739:AAHbGX19La0FBCgJkRr9yjKFf3vTxWoB5As/getUpdates "HTTP/1.1 200 OK"
2025-05-15 23:48:39,518 [INFO] HTTP Request: POST https://api.telegram.org/bot7981928739:AAHbGX19La0FBCgJkRr9yjKFf3vTxWoB5As/getUpdates "HTTP/1.1 200 OK"
2025-05-15 23:48:49,798 [INFO] HTTP Request: POST https://api.telegram.org/bot7981928739:AAHbGX19La0FBCgJkRr9yjKFf3vTxWoB5As/getUpdates "HTTP/1.1 200 OK"
2025-05-15 23:49:00,038 [INFO] HTTP Request: POST https://api.telegram.org/bot7981928739:AAHbGX19La0FBCgJkRr9yjKFf3vTxWoB5As/getUpdates "HTTP/1.1 200 OK"
2025-05-15 23:49:10,232 [INFO] HTTP Request: POST https://api.telegram.org/bot7981928739:AAHbGX19La0FBCgJkRr9yjKFf3vTxWoB5As/getUpdates "HTTP/1.1 200 OK"
2025-05-15 23:49:20,403 [INFO] HTTP Request: POST https://api.telegram.org/bot7981928739:AAHbGX19La0FBCgJkRr9yjKFf3vTxWoB5As/getUpdates "HTTP/1.1 200 OK"
2025-05-15 23:49:31,233 [INFO] HTTP Request: POST https://api.telegram.org/bot7981928739:AAHbGX19La0FBCgJkRr9yjKFf3vTxWoB5As/getUpdates "HTTP/1.1 200 OK"
2025-05-15 23:49:41,613 [INFO] HTTP Request: POST https://api.telegram.org/bot7981928739:AAHbGX19La0FBCgJkRr9yjKFf3vTxWoB5As/getUpdates "HTTP/1.1 200 OK"
2025-05-15 23:49:51,855 [INFO] HTTP Request: POST https://api.telegram.org/bot7981928739:AAHbGX19La0FBCgJkRr9yjKFf3vTxWoB5As/getUpdates "HTTP/1.1 200 OK"
2025-05-15 23:50:02,074 [INFO] HTTP Request: POST https://api.telegram.org/bot7981928739:AAHbGX19La0FBCgJkRr9yjKFf3vTxWoB5As/getUpdates "HTTP/1.1 200 OK"
2025-05-15 23:50:12,315 [INFO] HTTP Request: POST https://api.telegram.org/bot7981928739:AAHbGX19La0FBCgJkRr9yjKFf3vTxWoB5As/getUpdates "HTTP/1.1 200 OK"
2025-05-15 23:50:22,492 [INFO] HTTP Request: POST https://api.telegram.org/bot7981928739:AAHbGX19La0FBCgJkRr9yjKFf3vTxWoB5As/getUpdates "HTTP/1.1 200 OK"
2025-05-15 23:50:32,813 [INFO] HTTP Request: POST https://api.telegram.org/bot7981928739:AAHbGX19La0FBCgJkRr9yjKFf3vTxWoB5As/getUpdates "HTTP/1.1 200 OK"
2025-05-15 23:50:43,201 [INFO] HTTP Request: POST https://api.telegram.org/bot7981928739:AAHbGX19La0FBCgJkRr9yjKFf3vTxWoB5As/getUpdates "HTTP/1.1 200 OK"
2025-05-15 23:50:53,445 [INFO] HTTP Request: POST https://api.telegram.org/bot7981928739:AAHbGX19La0FBCgJkRr9yjKFf3vTxWoB5As/getUpdates "HTTP/1.1 200 OK"
2025-05-15 23:51:04,312 [INFO] HTTP Request: POST https://api.telegram.org/bot7981928739:AAHbGX19La0FBCgJkRr9yjKFf3vTxWoB5As/getUpdates "HTTP/1.1 200 OK"
2025-05-15 23:51:14,879 [INFO] HTTP Request: POST https://api.telegram.org/bot7981928739:AAHbGX19La0FBCgJkRr9yjKFf3vTxWoB5As/getUpdates "HTTP/1.1 200 OK"
2025-05-15 23:51:25,112 [INFO] HTTP Request: POST https://api.telegram.org/bot7981928739:AAHbGX19La0FBCgJkRr9yjKFf3vTxWoB5As/getUpdates "HTTP/1.1 200 OK"
2025-05-15 23:51:35,481 [INFO] HTTP Request: POST https://api.telegram.org/bot7981928739:AAHbGX19La0FBCgJkRr9yjKFf3vTxWoB5As/getUpdates "HTTP/1.1 200 OK"
2025-05-15 23:51:45,925 [INFO] HTTP Request: POST https://api.telegram.org/bot7981928739:AAHbGX19La0FBCgJkRr9yjKFf3vTxWoB5As/getUpdates "HTTP/1.1 200 OK"
2025-05-15 23:51:56,167 [INFO] HTTP Request: POST https://api.telegram.org/bot7981928739:AAHbGX19La0FBCgJkRr9yjKFf3vTxWoB5As/getUpdates "HTTP/1.1 200 OK"
2025-05-15 23:52:06,613 [INFO] HTTP Request: POST https://api.telegram.org/bot7981928739:AAHbGX19La0FBCgJkRr9yjKFf3vTxWoB5As/getUpdates "HTTP/1.1 200 OK"
2025-05-15 23:52:16,807 [INFO] HTTP Request: POST https://api.telegram.org/bot7981928739:AAHbGX19La0FBCgJkRr9yjKFf3vTxWoB5As/getUpdates "HTTP/1.1 200 OK"
2025-05-15 23:52:27,089 [INFO] HTTP Request: POST https://api.telegram.org/bot7981928739:AAHbGX19La0FBCgJkRr9yjKFf3vTxWoB5As/getUpdates "HTTP/1.1 200 OK"
2025-05-15 23:52:37,285 [INFO] HTTP Request: POST https://api.telegram.org/bot7981928739:AAHbGX19La0FBCgJkRr9yjKFf3vTxWoB5As/getUpdates "HTTP/1.1 200 OK"
2025-05-15 23:52:47,488 [INFO] HTTP Request: POST https://api.telegram.org/bot7981928739:AAHbGX19La0FBCgJkRr9yjKFf3vTxWoB5As/getUpdates "HTTP/1.1 200 OK"
2025-05-15 23:52:57,670 [INFO] HTTP Request: POST https://api.telegram.org/bot7981928739:AAHbGX19La0FBCgJkRr9yjKFf3vTxWoB5As/getUpdates "HTTP/1.1 200 OK"
2025-05-15 23:53:08,050 [INFO] HTTP Request: POST https://api.telegram.org/bot7981928739:AAHbGX19La0FBCgJkRr9yjKFf3vTxWoB5As/getUpdates "HTTP/1.1 200 OK"
2025-05-15 23:53:18,494 [INFO] HTTP Request: POST https://api.telegram.org/bot7981928739:AAHbGX19La0FBCgJkRr9yjKFf3vTxWoB5As/getUpdates "HTTP/1.1 200 OK"
